# JRE version: OpenJDK Runtime Environment (17.0.10) (build 17.0.10+0--11572160)
# Java VM: OpenJDK 64-Bit Server VM (17.0.10+0--11572160, mixed mode, tiered, compressed oops, compressed class ptrs, g1 gc, windows-amd64)
GC Precious Log:
 CPUs: 2 total, 2 available
 Memory: 3911M
 Large Page Support: Disabled
 NUMA Support: Disabled
 Compressed Oops: Enabled (32-bit)
 Heap Region Size: 1M
 Heap Min Capacity: 8M
 Heap Initial Capacity: 62M
 Heap Max Capacity: 2G
 Pre-touch: Disabled
 Parallel Workers: 2
 Concurrent Workers: 1
 Concurrent Refinement Workers: 2
 Periodic GC: Disabled
Heap:
 garbage-first heap   total 414720K, used 262200K [0x0000000080000000, 0x0000000100000000)
  region size 1024K, 2 young (2048K), 2 survivors (2048K)
 Metaspace       used 114598K, committed 115392K, reserved 1179648K
  class space    used 15759K, committed 16128K, reserved 1048576K
GC Heap History (20 events):
Event: 67.250 GC heap after
{Heap after GC invocations=77 (full 0):
 garbage-first heap   total 199680K, used 106300K [0x0000000080000000, 0x0000000100000000)
  region size 1024K, 7 young (7168K), 7 survivors (7168K)
 Metaspace       used 105335K, committed 106048K, reserved 1179648K
  class space    used 14283K, committed 14592K, reserved 1048576K
}
Event: 67.327 GC heap before
{Heap before GC invocations=77 (full 0):
 garbage-first heap   total 199680K, used 108348K [0x0000000080000000, 0x0000000100000000)
  region size 1024K, 9 young (9216K), 7 survivors (7168K)
 Metaspace       used 105410K, committed 106112K, reserved 1179648K
  class space    used 14293K, committed 14592K, reserved 1048576K
}
Event: 67.355 GC heap after
{Heap after GC invocations=78 (full 0):
 garbage-first heap   total 199680K, used 106206K [0x0000000080000000, 0x0000000100000000)
  region size 1024K, 1 young (1024K), 1 survivors (1024K)
 Metaspace       used 105410K, committed 106112K, reserved 1179648K
  class space    used 14293K, committed 14592K, reserved 1048576K
}
Event: 69.352 GC heap before
{Heap before GC invocations=78 (full 0):
 garbage-first heap   total 199680K, used 163550K [0x0000000080000000, 0x0000000100000000)
  region size 1024K, 57 young (58368K), 1 survivors (1024K)
 Metaspace       used 105994K, committed 106816K, reserved 1179648K
  class space    used 14360K, committed 14720K, reserved 1048576K
}
Event: 69.379 GC heap after
{Heap after GC invocations=79 (full 0):
 garbage-first heap   total 199680K, used 111883K [0x0000000080000000, 0x0000000100000000)
  region size 1024K, 7 young (7168K), 7 survivors (7168K)
 Metaspace       used 105994K, committed 106816K, reserved 1179648K
  class space    used 14360K, committed 14720K, reserved 1048576K
}
Event: 71.638 GC heap before
{Heap before GC invocations=80 (full 0):
 garbage-first heap   total 199680K, used 177419K [0x0000000080000000, 0x0000000100000000)
  region size 1024K, 58 young (59392K), 7 survivors (7168K)
 Metaspace       used 107550K, committed 108288K, reserved 1179648K
  class space    used 14587K, committed 14912K, reserved 1048576K
}
Event: 71.677 GC heap after
{Heap after GC invocations=81 (full 0):
 garbage-first heap   total 199680K, used 138826K [0x0000000080000000, 0x0000000100000000)
  region size 1024K, 8 young (8192K), 8 survivors (8192K)
 Metaspace       used 107550K, committed 108288K, reserved 1179648K
  class space    used 14587K, committed 14912K, reserved 1048576K
}
Event: 71.711 GC heap before
{Heap before GC invocations=81 (full 0):
 garbage-first heap   total 199680K, used 139850K [0x0000000080000000, 0x0000000100000000)
  region size 1024K, 9 young (9216K), 8 survivors (8192K)
 Metaspace       used 107558K, committed 108288K, reserved 1179648K
  class space    used 14589K, committed 14912K, reserved 1048576K
}
Event: 71.723 GC heap after
{Heap after GC invocations=82 (full 0):
 garbage-first heap   total 199680K, used 137874K [0x0000000080000000, 0x0000000100000000)
  region size 1024K, 1 young (1024K), 1 survivors (1024K)
 Metaspace       used 107558K, committed 108288K, reserved 1179648K
  class space    used 14589K, committed 14912K, reserved 1048576K
}
Event: 72.518 GC heap before
{Heap before GC invocations=82 (full 0):
 garbage-first heap   total 199680K, used 182930K [0x0000000080000000, 0x0000000100000000)
  region size 1024K, 30 young (30720K), 1 survivors (1024K)
 Metaspace       used 109310K, committed 110080K, reserved 1179648K
  class space    used 14853K, committed 15168K, reserved 1048576K
}
Event: 72.532 GC heap after
{Heap after GC invocations=83 (full 0):
 garbage-first heap   total 414720K, used 149383K [0x0000000080000000, 0x0000000100000000)
  region size 1024K, 4 young (4096K), 4 survivors (4096K)
 Metaspace       used 109310K, committed 110080K, reserved 1179648K
  class space    used 14853K, committed 15168K, reserved 1048576K
}
Event: 78.552 GC heap before
{Heap before GC invocations=84 (full 0):
 garbage-first heap   total 414720K, used 335751K [0x0000000080000000, 0x0000000100000000)
  region size 1024K, 167 young (171008K), 4 survivors (4096K)
 Metaspace       used 112847K, committed 113600K, reserved 1179648K
  class space    used 15519K, committed 15872K, reserved 1048576K
}
Event: 78.838 GC heap after
{Heap after GC invocations=85 (full 0):
 garbage-first heap   total 414720K, used 195865K [0x0000000080000000, 0x0000000100000000)
  region size 1024K, 21 young (21504K), 21 survivors (21504K)
 Metaspace       used 112847K, committed 113600K, reserved 1179648K
  class space    used 15519K, committed 15872K, reserved 1048576K
}
Event: 78.933 GC heap before
{Heap before GC invocations=85 (full 0):
 garbage-first heap   total 414720K, used 196889K [0x0000000080000000, 0x0000000100000000)
  region size 1024K, 22 young (22528K), 21 survivors (21504K)
 Metaspace       used 112847K, committed 113600K, reserved 1179648K
  class space    used 15519K, committed 15872K, reserved 1048576K
}
Event: 79.238 GC heap after
{Heap after GC invocations=86 (full 0):
 garbage-first heap   total 414720K, used 194560K [0x0000000080000000, 0x0000000100000000)
  region size 1024K, 1 young (1024K), 1 survivors (1024K)
 Metaspace       used 112847K, committed 113600K, reserved 1179648K
  class space    used 15519K, committed 15872K, reserved 1048576K
}
Event: 82.690 GC heap before
{Heap before GC invocations=86 (full 0):
 garbage-first heap   total 414720K, used 291840K [0x0000000080000000, 0x0000000100000000)
  region size 1024K, 96 young (98304K), 1 survivors (1024K)
 Metaspace       used 112942K, committed 113664K, reserved 1179648K
  class space    used 15526K, committed 15872K, reserved 1048576K
}
Event: 82.949 GC heap after
{Heap after GC invocations=87 (full 0):
 garbage-first heap   total 414720K, used 241664K [0x0000000080000000, 0x0000000100000000)
  region size 1024K, 12 young (12288K), 12 survivors (12288K)
 Metaspace       used 112942K, committed 113664K, reserved 1179648K
  class space    used 15526K, committed 15872K, reserved 1048576K
}
Event: 86.547 GC heap before
{Heap before GC invocations=87 (full 0):
 garbage-first heap   total 414720K, used 281600K [0x0000000080000000, 0x0000000100000000)
  region size 1024K, 51 young (52224K), 12 survivors (12288K)
 Metaspace       used 113303K, committed 114112K, reserved 1179648K
  class space    used 15571K, committed 15936K, reserved 1048576K
}
Event: 86.790 GC heap after
{Heap after GC invocations=88 (full 0):
 garbage-first heap   total 414720K, used 260608K [0x0000000080000000, 0x0000000100000000)
  region size 1024K, 7 young (7168K), 7 survivors (7168K)
 Metaspace       used 113303K, committed 114112K, reserved 1179648K
  class space    used 15571K, committed 15936K, reserved 1048576K
}
Event: 88.409 GC heap before
{Heap before GC invocations=88 (full 0):
 garbage-first heap   total 414720K, used 272896K [0x0000000080000000, 0x0000000100000000)
  region size 1024K, 20 young (20480K), 7 survivors (7168K)
 Metaspace       used 114598K, committed 115392K, reserved 1179648K
  class space    used 15759K, committed 16128K, reserved 1048576K
}

