# JRE version: OpenJDK Runtime Environment (17.0.10) (build 17.0.10+0--11572160)
# Java VM: OpenJDK 64-Bit Server VM (17.0.10+0--11572160, mixed mode, tiered, compressed oops, compressed class ptrs, g1 gc, windows-amd64)
GC Precious Log:
 CPUs: 2 total, 2 available
 Memory: 3911M
 Large Page Support: Disabled
 NUMA Support: Disabled
 Compressed Oops: Enabled (32-bit)
 Heap Region Size: 1M
 Heap Min Capacity: 8M
 Heap Initial Capacity: 62M
 Heap Max Capacity: 2G
 Pre-touch: Disabled
 Parallel Workers: 2
 Concurrent Workers: 1
 Concurrent Refinement Workers: 2
 Periodic GC: Disabled
Heap:
 garbage-first heap   total 512000K, used 197119K [0x0000000080000000, 0x0000000100000000)
  region size 1024K, 4 young (4096K), 4 survivors (4096K)
 Metaspace       used 106303K, committed 107072K, reserved 1179648K
  class space    used 14700K, committed 15104K, reserved 1048576K
GC Heap History (20 events):
Event: 74.674 GC heap after
{Heap after GC invocations=40 (full 0):
 garbage-first heap   total 256000K, used 82914K [0x0000000080000000, 0x0000000100000000)
  region size 1024K, 16 young (16384K), 16 survivors (16384K)
 Metaspace       used 91226K, committed 91968K, reserved 1179648K
  class space    used 12603K, committed 12928K, reserved 1048576K
}
Event: 83.100 GC heap before
{Heap before GC invocations=40 (full 0):
 garbage-first heap   total 256000K, used 208866K [0x0000000080000000, 0x0000000100000000)
  region size 1024K, 135 young (138240K), 16 survivors (16384K)
 Metaspace       used 98898K, committed 99648K, reserved 1179648K
  class space    used 13489K, committed 13824K, reserved 1048576K
}
Event: 83.318 GC heap after
{Heap after GC invocations=41 (full 0):
 garbage-first heap   total 256000K, used 89167K [0x0000000080000000, 0x0000000100000000)
  region size 1024K, 7 young (7168K), 7 survivors (7168K)
 Metaspace       used 98898K, committed 99648K, reserved 1179648K
  class space    used 13489K, committed 13824K, reserved 1048576K
}
Event: 95.135 GC heap before
{Heap before GC invocations=41 (full 0):
 garbage-first heap   total 256000K, used 228431K [0x0000000080000000, 0x0000000100000000)
  region size 1024K, 123 young (125952K), 7 survivors (7168K)
 Metaspace       used 103426K, committed 104192K, reserved 1179648K
  class space    used 14124K, committed 14464K, reserved 1048576K
}
Event: 95.461 GC heap after
{Heap after GC invocations=42 (full 0):
 garbage-first heap   total 256000K, used 118784K [0x0000000080000000, 0x0000000100000000)
  region size 1024K, 16 young (16384K), 16 survivors (16384K)
 Metaspace       used 103426K, committed 104192K, reserved 1179648K
  class space    used 14124K, committed 14464K, reserved 1048576K
}
Event: 95.826 GC heap before
{Heap before GC invocations=42 (full 0):
 garbage-first heap   total 256000K, used 129024K [0x0000000080000000, 0x0000000100000000)
  region size 1024K, 18 young (18432K), 16 survivors (16384K)
 Metaspace       used 103426K, committed 104192K, reserved 1179648K
  class space    used 14124K, committed 14464K, reserved 1048576K
}
Event: 95.870 GC heap after
{Heap after GC invocations=43 (full 0):
 garbage-first heap   total 256000K, used 123742K [0x0000000080000000, 0x0000000100000000)
  region size 1024K, 1 young (1024K), 1 survivors (1024K)
 Metaspace       used 103426K, committed 104192K, reserved 1179648K
  class space    used 14124K, committed 14464K, reserved 1048576K
}
Event: 95.918 GC heap before
{Heap before GC invocations=43 (full 0):
 garbage-first heap   total 256000K, used 147294K [0x0000000080000000, 0x0000000100000000)
  region size 1024K, 16 young (16384K), 1 survivors (1024K)
 Metaspace       used 103432K, committed 104192K, reserved 1179648K
  class space    used 14124K, committed 14464K, reserved 1048576K
}
Event: 95.933 GC heap after
{Heap after GC invocations=44 (full 0):
 garbage-first heap   total 256000K, used 133880K [0x0000000080000000, 0x0000000100000000)
  region size 1024K, 7 young (7168K), 7 survivors (7168K)
 Metaspace       used 103432K, committed 104192K, reserved 1179648K
  class space    used 14124K, committed 14464K, reserved 1048576K
}
Event: 95.939 GC heap before
{Heap before GC invocations=44 (full 0):
 garbage-first heap   total 256000K, used 134904K [0x0000000080000000, 0x0000000100000000)
  region size 1024K, 7 young (7168K), 7 survivors (7168K)
 Metaspace       used 103432K, committed 104192K, reserved 1179648K
  class space    used 14124K, committed 14464K, reserved 1048576K
}
Event: 95.957 GC heap after
{Heap after GC invocations=45 (full 0):
 garbage-first heap   total 512000K, used 134943K [0x0000000080000000, 0x0000000100000000)
  region size 1024K, 0 young (0K), 0 survivors (0K)
 Metaspace       used 103432K, committed 104192K, reserved 1179648K
  class space    used 14124K, committed 14464K, reserved 1048576K
}
Event: 96.994 GC heap before
{Heap before GC invocations=45 (full 0):
 garbage-first heap   total 512000K, used 181023K [0x0000000080000000, 0x0000000100000000)
  region size 1024K, 39 young (39936K), 0 survivors (0K)
 Metaspace       used 103708K, committed 104448K, reserved 1179648K
  class space    used 14165K, committed 14464K, reserved 1048576K
}
Event: 97.123 GC heap after
{Heap after GC invocations=46 (full 0):
 garbage-first heap   total 512000K, used 153000K [0x0000000080000000, 0x0000000100000000)
  region size 1024K, 16 young (16384K), 16 survivors (16384K)
 Metaspace       used 103708K, committed 104448K, reserved 1179648K
  class space    used 14165K, committed 14464K, reserved 1048576K
}
Event: 99.060 GC heap before
{Heap before GC invocations=47 (full 0):
 garbage-first heap   total 512000K, used 184744K [0x0000000080000000, 0x0000000100000000)
  region size 1024K, 47 young (48128K), 16 survivors (16384K)
 Metaspace       used 103708K, committed 104448K, reserved 1179648K
  class space    used 14165K, committed 14464K, reserved 1048576K
}
Event: 99.319 GC heap after
{Heap after GC invocations=48 (full 0):
 garbage-first heap   total 512000K, used 163521K [0x0000000080000000, 0x0000000100000000)
  region size 1024K, 6 young (6144K), 6 survivors (6144K)
 Metaspace       used 103708K, committed 104448K, reserved 1179648K
  class space    used 14165K, committed 14464K, reserved 1048576K
}
Event: 100.594 GC heap before
{Heap before GC invocations=48 (full 0):
 garbage-first heap   total 512000K, used 182977K [0x0000000080000000, 0x0000000100000000)
  region size 1024K, 25 young (25600K), 6 survivors (6144K)
 Metaspace       used 106046K, committed 106816K, reserved 1179648K
  class space    used 14689K, committed 15040K, reserved 1048576K
}
Event: 100.684 GC heap after
{Heap after GC invocations=49 (full 0):
 garbage-first heap   total 512000K, used 165887K [0x0000000080000000, 0x0000000100000000)
  region size 1024K, 4 young (4096K), 4 survivors (4096K)
 Metaspace       used 106046K, committed 106816K, reserved 1179648K
  class space    used 14689K, committed 15040K, reserved 1048576K
}
Event: 102.941 GC heap before
{Heap before GC invocations=49 (full 0):
 garbage-first heap   total 512000K, used 210943K [0x0000000080000000, 0x0000000100000000)
  region size 1024K, 48 young (49152K), 4 survivors (4096K)
 Metaspace       used 106298K, committed 107072K, reserved 1179648K
  class space    used 14700K, committed 15104K, reserved 1048576K
}
Event: 103.048 GC heap after
{Heap after GC invocations=50 (full 0):
 garbage-first heap   total 512000K, used 186879K [0x0000000080000000, 0x0000000100000000)
  region size 1024K, 6 young (6144K), 6 survivors (6144K)
 Metaspace       used 106298K, committed 107072K, reserved 1179648K
  class space    used 14700K, committed 15104K, reserved 1048576K
}
Event: 105.016 GC heap before
{Heap before GC invocations=50 (full 0):
 garbage-first heap   total 512000K, used 206335K [0x0000000080000000, 0x0000000100000000)
  region size 1024K, 25 young (25600K), 6 survivors (6144K)
 Metaspace       used 106303K, committed 107072K, reserved 1179648K
  class space    used 14700K, committed 15104K, reserved 1048576K
}

