# JRE version: OpenJDK Runtime Environment (17.0.10) (build 17.0.10+0--11572160)
# Java VM: OpenJDK 64-Bit Server VM (17.0.10+0--11572160, mixed mode, tiered, compressed oops, compressed class ptrs, g1 gc, windows-amd64)
GC Precious Log:
 CPUs: 2 total, 2 available
 Memory: 3911M
 Large Page Support: Disabled
 NUMA Support: Disabled
 Compressed Oops: Enabled (32-bit)
 Heap Region Size: 1M
 Heap Min Capacity: 8M
 Heap Initial Capacity: 62M
 Heap Max Capacity: 2G
 Pre-touch: Disabled
 Parallel Workers: 2
 Concurrent Workers: 1
 Concurrent Refinement Workers: 2
 Periodic GC: Disabled
Heap:
 garbage-first heap   total 114688K, used 68636K [0x0000000080000000, 0x0000000100000000)
  region size 1024K, 5 young (5120K), 2 survivors (2048K)
 Metaspace       used 58820K, committed 59392K, reserved 1114112K
  class space    used 8007K, committed 8256K, reserved 1048576K
GC Heap History (20 events):
Event: 72.668 GC heap before
{Heap before GC invocations=26 (full 0):
 garbage-first heap   total 78848K, used 46673K [0x0000000080000000, 0x0000000100000000)
  region size 1024K, 4 young (4096K), 3 survivors (3072K)
 Metaspace       used 44383K, committed 44736K, reserved 1114112K
  class space    used 5950K, committed 6144K, reserved 1048576K
}
Event: 72.675 GC heap after
{Heap after GC invocations=27 (full 0):
 garbage-first heap   total 78848K, used 46282K [0x0000000080000000, 0x0000000100000000)
  region size 1024K, 1 young (1024K), 1 survivors (1024K)
 Metaspace       used 44383K, committed 44736K, reserved 1114112K
  class space    used 5950K, committed 6144K, reserved 1048576K
}
Event: 72.799 GC heap before
{Heap before GC invocations=28 (full 0):
 garbage-first heap   total 78848K, used 48330K [0x0000000080000000, 0x0000000100000000)
  region size 1024K, 2 young (2048K), 1 survivors (1024K)
 Metaspace       used 44383K, committed 44736K, reserved 1114112K
  class space    used 5950K, committed 6144K, reserved 1048576K
}
Event: 72.803 GC heap after
{Heap after GC invocations=29 (full 0):
 garbage-first heap   total 78848K, used 47153K [0x0000000080000000, 0x0000000100000000)
  region size 1024K, 1 young (1024K), 1 survivors (1024K)
 Metaspace       used 44383K, committed 44736K, reserved 1114112K
  class space    used 5950K, committed 6144K, reserved 1048576K
}
Event: 77.864 GC heap before
{Heap before GC invocations=30 (full 0):
 garbage-first heap   total 80896K, used 65585K [0x0000000080000000, 0x0000000100000000)
  region size 1024K, 18 young (18432K), 1 survivors (1024K)
 Metaspace       used 47491K, committed 47872K, reserved 1114112K
  class space    used 6292K, committed 6464K, reserved 1048576K
}
Event: 77.874 GC heap after
{Heap after GC invocations=31 (full 0):
 garbage-first heap   total 97280K, used 46154K [0x0000000080000000, 0x0000000100000000)
  region size 1024K, 2 young (2048K), 2 survivors (2048K)
 Metaspace       used 47491K, committed 47872K, reserved 1114112K
  class space    used 6292K, committed 6464K, reserved 1048576K
}
Event: 83.484 GC heap before
{Heap before GC invocations=31 (full 0):
 garbage-first heap   total 97280K, used 74826K [0x0000000080000000, 0x0000000100000000)
  region size 1024K, 31 young (31744K), 2 survivors (2048K)
 Metaspace       used 50479K, committed 50944K, reserved 1114112K
  class space    used 6782K, committed 6976K, reserved 1048576K
}
Event: 83.500 GC heap after
{Heap after GC invocations=32 (full 0):
 garbage-first heap   total 97280K, used 48623K [0x0000000080000000, 0x0000000100000000)
  region size 1024K, 5 young (5120K), 5 survivors (5120K)
 Metaspace       used 50479K, committed 50944K, reserved 1114112K
  class space    used 6782K, committed 6976K, reserved 1048576K
}
Event: 85.172 GC heap before
{Heap before GC invocations=33 (full 0):
 garbage-first heap   total 97280K, used 62959K [0x0000000080000000, 0x0000000100000000)
  region size 1024K, 15 young (15360K), 5 survivors (5120K)
 Metaspace       used 50839K, committed 51328K, reserved 1114112K
  class space    used 6839K, committed 7040K, reserved 1048576K
}
Event: 85.205 GC heap after
{Heap after GC invocations=34 (full 0):
 garbage-first heap   total 97280K, used 56348K [0x0000000080000000, 0x0000000100000000)
  region size 1024K, 4 young (4096K), 4 survivors (4096K)
 Metaspace       used 50839K, committed 51328K, reserved 1114112K
  class space    used 6839K, committed 7040K, reserved 1048576K
}
Event: 85.792 GC heap before
{Heap before GC invocations=35 (full 0):
 garbage-first heap   total 102400K, used 62492K [0x0000000080000000, 0x0000000100000000)
  region size 1024K, 9 young (9216K), 4 survivors (4096K)
 Metaspace       used 51195K, committed 51648K, reserved 1114112K
  class space    used 6864K, committed 7040K, reserved 1048576K
}
Event: 85.809 GC heap after
{Heap after GC invocations=36 (full 0):
 garbage-first heap   total 102400K, used 61116K [0x0000000080000000, 0x0000000100000000)
  region size 1024K, 2 young (2048K), 2 survivors (2048K)
 Metaspace       used 51195K, committed 51648K, reserved 1114112K
  class space    used 6864K, committed 7040K, reserved 1048576K
}
Event: 90.604 GC heap before
{Heap before GC invocations=37 (full 0):
 garbage-first heap   total 107520K, used 79548K [0x0000000080000000, 0x0000000100000000)
  region size 1024K, 19 young (19456K), 2 survivors (2048K)
 Metaspace       used 52936K, committed 53376K, reserved 1114112K
  class space    used 7018K, committed 7232K, reserved 1048576K
}
Event: 90.621 GC heap after
{Heap after GC invocations=38 (full 0):
 garbage-first heap   total 107520K, used 61452K [0x0000000080000000, 0x0000000100000000)
  region size 1024K, 3 young (3072K), 3 survivors (3072K)
 Metaspace       used 52936K, committed 53376K, reserved 1114112K
  class space    used 7018K, committed 7232K, reserved 1048576K
}
Event: 94.740 GC heap before
{Heap before GC invocations=38 (full 0):
 garbage-first heap   total 107520K, used 80908K [0x0000000080000000, 0x0000000100000000)
  region size 1024K, 23 young (23552K), 3 survivors (3072K)
 Metaspace       used 54283K, committed 54784K, reserved 1114112K
  class space    used 7259K, committed 7488K, reserved 1048576K
}
Event: 94.757 GC heap after
{Heap after GC invocations=39 (full 0):
 garbage-first heap   total 107520K, used 63364K [0x0000000080000000, 0x0000000100000000)
  region size 1024K, 3 young (3072K), 3 survivors (3072K)
 Metaspace       used 54283K, committed 54784K, reserved 1114112K
  class space    used 7259K, committed 7488K, reserved 1048576K
}
Event: 98.769 GC heap before
{Heap before GC invocations=40 (full 0):
 garbage-first heap   total 109568K, used 83844K [0x0000000080000000, 0x0000000100000000)
  region size 1024K, 23 young (23552K), 3 survivors (3072K)
 Metaspace       used 56754K, committed 57344K, reserved 1114112K
  class space    used 7653K, committed 7936K, reserved 1048576K
}
Event: 98.799 GC heap after
{Heap after GC invocations=41 (full 0):
 garbage-first heap   total 109568K, used 65448K [0x0000000080000000, 0x0000000100000000)
  region size 1024K, 2 young (2048K), 2 survivors (2048K)
 Metaspace       used 56754K, committed 57344K, reserved 1114112K
  class space    used 7653K, committed 7936K, reserved 1048576K
}
Event: 102.884 GC heap before
{Heap before GC invocations=41 (full 0):
 garbage-first heap   total 109568K, used 86952K [0x0000000080000000, 0x0000000100000000)
  region size 1024K, 23 young (23552K), 2 survivors (2048K)
 Metaspace       used 58578K, committed 59200K, reserved 1114112K
  class space    used 7968K, committed 8256K, reserved 1048576K
}
Event: 102.912 GC heap after
{Heap after GC invocations=42 (full 0):
 garbage-first heap   total 109568K, used 66588K [0x0000000080000000, 0x0000000100000000)
  region size 1024K, 2 young (2048K), 2 survivors (2048K)
 Metaspace       used 58578K, committed 59200K, reserved 1114112K
  class space    used 7968K, committed 8256K, reserved 1048576K
}

