# JRE version: OpenJDK Runtime Environment (17.0.10) (build 17.0.10+0--11572160)
# Java VM: OpenJDK 64-Bit Server VM (17.0.10+0--11572160, mixed mode, tiered, compressed oops, compressed class ptrs, g1 gc, windows-amd64)
GC Precious Log:
 CPUs: 2 total, 2 available
 Memory: 3911M
 Large Page Support: Disabled
 NUMA Support: Disabled
 Compressed Oops: Enabled (32-bit)
 Heap Region Size: 1M
 Heap Min Capacity: 8M
 Heap Initial Capacity: 62M
 Heap Max Capacity: 2G
 Pre-touch: Disabled
 Parallel Workers: 2
 Concurrent Workers: 1
 Concurrent Refinement Workers: 2
 Periodic GC: Disabled
Heap:
 garbage-first heap   total 301056K, used 206848K [0x0000000080000000, 0x0000000100000000)
  region size 1024K, 7 young (7168K), 7 survivors (7168K)
 Metaspace       used 124127K, committed 124864K, reserved 1179648K
  class space    used 16817K, committed 17152K, reserved 1048576K
GC Heap History (20 events):
Event: 108.414 GC heap after
{Heap after GC invocations=65 (full 0):
 garbage-first heap   total 275456K, used 129960K [0x0000000080000000, 0x0000000100000000)
  region size 1024K, 10 young (10240K), 10 survivors (10240K)
 Metaspace       used 122230K, committed 123008K, reserved 1179648K
  class space    used 16589K, committed 16896K, reserved 1048576K
}
Event: 108.488 GC heap before
{Heap before GC invocations=65 (full 0):
 garbage-first heap   total 275456K, used 133032K [0x0000000080000000, 0x0000000100000000)
  region size 1024K, 13 young (13312K), 10 survivors (10240K)
 Metaspace       used 122233K, committed 123008K, reserved 1179648K
  class space    used 16589K, committed 16896K, reserved 1048576K
}
Event: 108.524 GC heap after
{Heap after GC invocations=66 (full 0):
 garbage-first heap   total 275456K, used 121403K [0x0000000080000000, 0x0000000100000000)
  region size 1024K, 1 young (1024K), 1 survivors (1024K)
 Metaspace       used 122233K, committed 123008K, reserved 1179648K
  class space    used 16589K, committed 16896K, reserved 1048576K
}
Event: 111.366 GC heap before
{Heap before GC invocations=66 (full 0):
 garbage-first heap   total 275456K, used 219707K [0x0000000080000000, 0x0000000100000000)
  region size 1024K, 97 young (99328K), 1 survivors (1024K)
 Metaspace       used 122416K, committed 123200K, reserved 1179648K
  class space    used 16606K, committed 16960K, reserved 1048576K
}
Event: 111.377 GC heap after
{Heap after GC invocations=67 (full 0):
 garbage-first heap   total 275456K, used 122427K [0x0000000080000000, 0x0000000100000000)
  region size 1024K, 2 young (2048K), 2 survivors (2048K)
 Metaspace       used 122416K, committed 123200K, reserved 1179648K
  class space    used 16606K, committed 16960K, reserved 1048576K
}
Event: 114.331 GC heap before
{Heap before GC invocations=67 (full 0):
 garbage-first heap   total 275456K, used 224827K [0x0000000080000000, 0x0000000100000000)
  region size 1024K, 102 young (104448K), 2 survivors (2048K)
 Metaspace       used 122509K, committed 123328K, reserved 1179648K
  class space    used 16613K, committed 16960K, reserved 1048576K
}
Event: 114.340 GC heap after
{Heap after GC invocations=68 (full 0):
 garbage-first heap   total 275456K, used 121313K [0x0000000080000000, 0x0000000100000000)
  region size 1024K, 1 young (1024K), 1 survivors (1024K)
 Metaspace       used 122509K, committed 123328K, reserved 1179648K
  class space    used 16613K, committed 16960K, reserved 1048576K
}
Event: 118.487 GC heap before
{Heap before GC invocations=68 (full 0):
 garbage-first heap   total 275456K, used 230881K [0x0000000080000000, 0x0000000100000000)
  region size 1024K, 108 young (110592K), 1 survivors (1024K)
 Metaspace       used 122545K, committed 123328K, reserved 1179648K
  class space    used 16614K, committed 16960K, reserved 1048576K
}
Event: 118.497 GC heap after
{Heap after GC invocations=69 (full 0):
 garbage-first heap   total 275456K, used 121714K [0x0000000080000000, 0x0000000100000000)
  region size 1024K, 2 young (2048K), 2 survivors (2048K)
 Metaspace       used 122545K, committed 123328K, reserved 1179648K
  class space    used 16614K, committed 16960K, reserved 1048576K
}
Event: 126.055 GC heap before
{Heap before GC invocations=69 (full 0):
 garbage-first heap   total 275456K, used 238450K [0x0000000080000000, 0x0000000100000000)
  region size 1024K, 97 young (99328K), 2 survivors (2048K)
 Metaspace       used 123437K, committed 124224K, reserved 1179648K
  class space    used 16726K, committed 17088K, reserved 1048576K
}
Event: 126.073 GC heap after
{Heap after GC invocations=70 (full 0):
 garbage-first heap   total 275456K, used 148957K [0x0000000080000000, 0x0000000100000000)
  region size 1024K, 10 young (10240K), 10 survivors (10240K)
 Metaspace       used 123437K, committed 124224K, reserved 1179648K
  class space    used 16726K, committed 17088K, reserved 1048576K
}
Event: 126.163 GC heap before
{Heap before GC invocations=70 (full 0):
 garbage-first heap   total 275456K, used 185821K [0x0000000080000000, 0x0000000100000000)
  region size 1024K, 25 young (25600K), 10 survivors (10240K)
 Metaspace       used 123518K, committed 124352K, reserved 1179648K
  class space    used 16732K, committed 17088K, reserved 1048576K
}
Event: 126.178 GC heap after
{Heap after GC invocations=71 (full 0):
 garbage-first heap   total 275456K, used 164386K [0x0000000080000000, 0x0000000100000000)
  region size 1024K, 6 young (6144K), 6 survivors (6144K)
 Metaspace       used 123518K, committed 124352K, reserved 1179648K
  class space    used 16732K, committed 17088K, reserved 1048576K
}
Event: 126.190 GC heap before
{Heap before GC invocations=71 (full 0):
 garbage-first heap   total 275456K, used 169506K [0x0000000080000000, 0x0000000100000000)
  region size 1024K, 11 young (11264K), 6 survivors (6144K)
 Metaspace       used 123518K, committed 124352K, reserved 1179648K
  class space    used 16732K, committed 17088K, reserved 1048576K
}
Event: 126.197 GC heap after
{Heap after GC invocations=72 (full 0):
 garbage-first heap   total 275456K, used 165165K [0x0000000080000000, 0x0000000100000000)
  region size 1024K, 3 young (3072K), 3 survivors (3072K)
 Metaspace       used 123518K, committed 124352K, reserved 1179648K
  class space    used 16732K, committed 17088K, reserved 1048576K
}
Event: 128.443 GC heap before
{Heap before GC invocations=73 (full 0):
 garbage-first heap   total 301056K, used 223533K [0x0000000080000000, 0x0000000100000000)
  region size 1024K, 52 young (53248K), 3 survivors (3072K)
 Metaspace       used 123601K, committed 124416K, reserved 1179648K
  class space    used 16738K, committed 17088K, reserved 1048576K
}
Event: 128.574 GC heap after
{Heap after GC invocations=74 (full 0):
 garbage-first heap   total 301056K, used 187700K [0x0000000080000000, 0x0000000100000000)
  region size 1024K, 7 young (7168K), 7 survivors (7168K)
 Metaspace       used 123601K, committed 124416K, reserved 1179648K
  class space    used 16738K, committed 17088K, reserved 1048576K
}
Event: 128.698 GC heap before
{Heap before GC invocations=74 (full 0):
 garbage-first heap   total 301056K, used 194868K [0x0000000080000000, 0x0000000100000000)
  region size 1024K, 14 young (14336K), 7 survivors (7168K)
 Metaspace       used 123601K, committed 124416K, reserved 1179648K
  class space    used 16738K, committed 17088K, reserved 1048576K
}
Event: 128.777 GC heap after
{Heap after GC invocations=75 (full 0):
 garbage-first heap   total 301056K, used 183296K [0x0000000080000000, 0x0000000100000000)
  region size 1024K, 2 young (2048K), 2 survivors (2048K)
 Metaspace       used 123601K, committed 124416K, reserved 1179648K
  class space    used 16738K, committed 17088K, reserved 1048576K
}
Event: 130.204 GC heap before
{Heap before GC invocations=75 (full 0):
 garbage-first heap   total 301056K, used 233472K [0x0000000080000000, 0x0000000100000000)
  region size 1024K, 49 young (50176K), 2 survivors (2048K)
 Metaspace       used 124127K, committed 124864K, reserved 1179648K
  class space    used 16817K, committed 17152K, reserved 1048576K
}

