# JRE version: OpenJDK Runtime Environment (17.0.10) (build 17.0.10+0--11572160)
# Java VM: OpenJDK 64-Bit Server VM (17.0.10+0--11572160, mixed mode, tiered, compressed oops, compressed class ptrs, g1 gc, windows-amd64)
GC Precious Log:
 CPUs: 2 total, 2 available
 Memory: 3911M
 Large Page Support: Disabled
 NUMA Support: Disabled
 Compressed Oops: Enabled (32-bit)
 Heap Region Size: 1M
 Heap Min Capacity: 8M
 Heap Initial Capacity: 62M
 Heap Max Capacity: 2G
 Pre-touch: Disabled
 Parallel Workers: 2
 Concurrent Workers: 1
 Concurrent Refinement Workers: 2
 Periodic GC: Disabled
Heap:
 garbage-first heap   total 117760K, used 97637K [0x0000000080000000, 0x0000000100000000)
  region size 1024K, 17 young (17408K), 2 survivors (2048K)
 Metaspace       used 65493K, committed 66176K, reserved 1114112K
  class space    used 8777K, committed 9088K, reserved 1048576K
GC Heap History (20 events):
Event: 92.424 GC heap before
{Heap before GC invocations=32 (full 0):
 garbage-first heap   total 107520K, used 72349K [0x0000000080000000, 0x0000000100000000)
  region size 1024K, 12 young (12288K), 2 survivors (2048K)
 Metaspace       used 52565K, committed 53056K, reserved 1114112K
  class space    used 6993K, committed 7232K, reserved 1048576K
}
Event: 92.435 GC heap after
{Heap after GC invocations=33 (full 0):
 garbage-first heap   total 107520K, used 62975K [0x0000000080000000, 0x0000000100000000)
  region size 1024K, 1 young (1024K), 1 survivors (1024K)
 Metaspace       used 52565K, committed 53056K, reserved 1114112K
  class space    used 6993K, committed 7232K, reserved 1048576K
}
Event: 101.976 GC heap before
{Heap before GC invocations=33 (full 0):
 garbage-first heap   total 107520K, used 86527K [0x0000000080000000, 0x0000000100000000)
  region size 1024K, 25 young (25600K), 1 survivors (1024K)
 Metaspace       used 55387K, committed 55872K, reserved 1114112K
  class space    used 7442K, committed 7616K, reserved 1048576K
}
Event: 101.989 GC heap after
{Heap after GC invocations=34 (full 0):
 garbage-first heap   total 107520K, used 64803K [0x0000000080000000, 0x0000000100000000)
  region size 1024K, 3 young (3072K), 3 survivors (3072K)
 Metaspace       used 55387K, committed 55872K, reserved 1114112K
  class space    used 7442K, committed 7616K, reserved 1048576K
}
Event: 110.388 GC heap before
{Heap before GC invocations=35 (full 0):
 garbage-first heap   total 111616K, used 88355K [0x0000000080000000, 0x0000000100000000)
  region size 1024K, 26 young (26624K), 3 survivors (3072K)
 Metaspace       used 57546K, committed 58176K, reserved 1114112K
  class space    used 7830K, committed 8128K, reserved 1048576K
}
Event: 110.407 GC heap after
{Heap after GC invocations=36 (full 0):
 garbage-first heap   total 111616K, used 66047K [0x0000000080000000, 0x0000000100000000)
  region size 1024K, 4 young (4096K), 4 survivors (4096K)
 Metaspace       used 57546K, committed 58176K, reserved 1114112K
  class space    used 7830K, committed 8128K, reserved 1048576K
}
Event: 110.608 GC heap before
{Heap before GC invocations=36 (full 0):
 garbage-first heap   total 111616K, used 67071K [0x0000000080000000, 0x0000000100000000)
  region size 1024K, 5 young (5120K), 4 survivors (4096K)
 Metaspace       used 57575K, committed 58176K, reserved 1114112K
  class space    used 7834K, committed 8128K, reserved 1048576K
}
Event: 110.635 GC heap after
{Heap after GC invocations=37 (full 0):
 garbage-first heap   total 111616K, used 65899K [0x0000000080000000, 0x0000000100000000)
  region size 1024K, 1 young (1024K), 1 survivors (1024K)
 Metaspace       used 57575K, committed 58176K, reserved 1114112K
  class space    used 7834K, committed 8128K, reserved 1048576K
}
Event: 115.448 GC heap before
{Heap before GC invocations=37 (full 0):
 garbage-first heap   total 111616K, used 92523K [0x0000000080000000, 0x0000000100000000)
  region size 1024K, 27 young (27648K), 1 survivors (1024K)
 Metaspace       used 59726K, committed 60288K, reserved 1114112K
  class space    used 8116K, committed 8384K, reserved 1048576K
}
Event: 115.466 GC heap after
{Heap after GC invocations=38 (full 0):
 garbage-first heap   total 111616K, used 68582K [0x0000000080000000, 0x0000000100000000)
  region size 1024K, 4 young (4096K), 4 survivors (4096K)
 Metaspace       used 59726K, committed 60288K, reserved 1114112K
  class space    used 8116K, committed 8384K, reserved 1048576K
}
Event: 122.085 GC heap before
{Heap before GC invocations=39 (full 0):
 garbage-first heap   total 117760K, used 90086K [0x0000000080000000, 0x0000000100000000)
  region size 1024K, 26 young (26624K), 4 survivors (4096K)
 Metaspace       used 60270K, committed 60864K, reserved 1114112K
  class space    used 8136K, committed 8384K, reserved 1048576K
}
Event: 122.112 GC heap after
{Heap after GC invocations=40 (full 0):
 garbage-first heap   total 117760K, used 70937K [0x0000000080000000, 0x0000000100000000)
  region size 1024K, 3 young (3072K), 3 survivors (3072K)
 Metaspace       used 60270K, committed 60864K, reserved 1114112K
  class space    used 8136K, committed 8384K, reserved 1048576K
}
Event: 122.219 GC heap before
{Heap before GC invocations=40 (full 0):
 garbage-first heap   total 117760K, used 72985K [0x0000000080000000, 0x0000000100000000)
  region size 1024K, 5 young (5120K), 3 survivors (3072K)
 Metaspace       used 60299K, committed 60864K, reserved 1114112K
  class space    used 8136K, committed 8384K, reserved 1048576K
}
Event: 122.257 GC heap after
{Heap after GC invocations=41 (full 0):
 garbage-first heap   total 117760K, used 71010K [0x0000000080000000, 0x0000000100000000)
  region size 1024K, 1 young (1024K), 1 survivors (1024K)
 Metaspace       used 60299K, committed 60864K, reserved 1114112K
  class space    used 8136K, committed 8384K, reserved 1048576K
}
Event: 129.896 GC heap before
{Heap before GC invocations=41 (full 0):
 garbage-first heap   total 117760K, used 101730K [0x0000000080000000, 0x0000000100000000)
  region size 1024K, 26 young (26624K), 1 survivors (1024K)
 Metaspace       used 61507K, committed 62144K, reserved 1114112K
  class space    used 8306K, committed 8576K, reserved 1048576K
}
Event: 129.923 GC heap after
{Heap after GC invocations=42 (full 0):
 garbage-first heap   total 117760K, used 81427K [0x0000000080000000, 0x0000000100000000)
  region size 1024K, 4 young (4096K), 4 survivors (4096K)
 Metaspace       used 61507K, committed 62144K, reserved 1114112K
  class space    used 8306K, committed 8576K, reserved 1048576K
}
Event: 132.856 GC heap before
{Heap before GC invocations=42 (full 0):
 garbage-first heap   total 117760K, used 97811K [0x0000000080000000, 0x0000000100000000)
  region size 1024K, 20 young (20480K), 4 survivors (4096K)
 Metaspace       used 62698K, committed 63360K, reserved 1114112K
  class space    used 8461K, committed 8768K, reserved 1048576K
}
Event: 132.870 GC heap after
{Heap after GC invocations=43 (full 0):
 garbage-first heap   total 117760K, used 83644K [0x0000000080000000, 0x0000000100000000)
  region size 1024K, 1 young (1024K), 1 survivors (1024K)
 Metaspace       used 62698K, committed 63360K, reserved 1114112K
  class space    used 8461K, committed 8768K, reserved 1048576K
}
Event: 135.529 GC heap before
{Heap before GC invocations=43 (full 0):
 garbage-first heap   total 117760K, used 97980K [0x0000000080000000, 0x0000000100000000)
  region size 1024K, 16 young (16384K), 1 survivors (1024K)
 Metaspace       used 63984K, committed 64640K, reserved 1114112K
  class space    used 8632K, committed 8896K, reserved 1048576K
}
Event: 135.535 GC heap after
{Heap after GC invocations=44 (full 0):
 garbage-first heap   total 117760K, used 84325K [0x0000000080000000, 0x0000000100000000)
  region size 1024K, 2 young (2048K), 2 survivors (2048K)
 Metaspace       used 63984K, committed 64640K, reserved 1114112K
  class space    used 8632K, committed 8896K, reserved 1048576K
}

