# JRE version: OpenJDK Runtime Environment (17.0.10) (build 17.0.10+0--11572160)
# Java VM: OpenJDK 64-Bit Server VM (17.0.10+0--11572160, mixed mode, tiered, compressed oops, compressed class ptrs, g1 gc, windows-amd64)
GC Precious Log:
 CPUs: 2 total, 2 available
 Memory: 3911M
 Large Page Support: Disabled
 NUMA Support: Disabled
 Compressed Oops: Enabled (32-bit)
 Heap Region Size: 1M
 Heap Min Capacity: 8M
 Heap Initial Capacity: 62M
 Heap Max Capacity: 2G
 Pre-touch: Disabled
 Parallel Workers: 2
 Concurrent Workers: 1
 Concurrent Refinement Workers: 2
 Periodic GC: Disabled
Heap:
 garbage-first heap   total 273408K, used 168960K [0x0000000080000000, 0x0000000100000000)
  region size 1024K, 2 young (2048K), 2 survivors (2048K)
 Metaspace       used 113513K, committed 114368K, reserved 1179648K
  class space    used 15143K, committed 15552K, reserved 1048576K
GC Heap History (20 events):
Event: 145.548 GC heap after
{Heap after GC invocations=63 (full 0):
 garbage-first heap   total 206848K, used 143038K [0x0000000080000000, 0x0000000100000000)
  region size 1024K, 5 young (5120K), 5 survivors (5120K)
 Metaspace       used 108623K, committed 109440K, reserved 1179648K
  class space    used 14449K, committed 14848K, reserved 1048576K
}
Event: 146.952 GC heap before
{Heap before GC invocations=63 (full 0):
 garbage-first heap   total 206848K, used 175806K [0x0000000080000000, 0x0000000100000000)
  region size 1024K, 38 young (38912K), 5 survivors (5120K)
 Metaspace       used 108781K, committed 109568K, reserved 1179648K
  class space    used 14470K, committed 14848K, reserved 1048576K
}
Event: 146.986 GC heap after
{Heap after GC invocations=64 (full 0):
 garbage-first heap   total 206848K, used 146264K [0x0000000080000000, 0x0000000100000000)
  region size 1024K, 4 young (4096K), 4 survivors (4096K)
 Metaspace       used 108781K, committed 109568K, reserved 1179648K
  class space    used 14470K, committed 14848K, reserved 1048576K
}
Event: 150.564 GC heap before
{Heap before GC invocations=64 (full 0):
 garbage-first heap   total 206848K, used 176984K [0x0000000080000000, 0x0000000100000000)
  region size 1024K, 34 young (34816K), 4 survivors (4096K)
 Metaspace       used 109426K, committed 110272K, reserved 1179648K
  class space    used 14541K, committed 14912K, reserved 1048576K
}
Event: 150.595 GC heap after
{Heap after GC invocations=65 (full 0):
 garbage-first heap   total 206848K, used 147780K [0x0000000080000000, 0x0000000100000000)
  region size 1024K, 3 young (3072K), 3 survivors (3072K)
 Metaspace       used 109426K, committed 110272K, reserved 1179648K
  class space    used 14541K, committed 14912K, reserved 1048576K
}
Event: 154.225 GC heap before
{Heap before GC invocations=66 (full 0):
 garbage-first heap   total 211968K, used 150852K [0x0000000080000000, 0x0000000100000000)
  region size 1024K, 31 young (31744K), 3 survivors (3072K)
 Metaspace       used 109640K, committed 110464K, reserved 1179648K
  class space    used 14578K, committed 14976K, reserved 1048576K
}
Event: 154.254 GC heap after
{Heap after GC invocations=67 (full 0):
 garbage-first heap   total 211968K, used 124682K [0x0000000080000000, 0x0000000100000000)
  region size 1024K, 2 young (2048K), 2 survivors (2048K)
 Metaspace       used 109640K, committed 110464K, reserved 1179648K
  class space    used 14578K, committed 14976K, reserved 1048576K
}
Event: 156.180 GC heap before
{Heap before GC invocations=67 (full 0):
 garbage-first heap   total 211968K, used 131850K [0x0000000080000000, 0x0000000100000000)
  region size 1024K, 10 young (10240K), 2 survivors (2048K)
 Metaspace       used 109862K, committed 110656K, reserved 1179648K
  class space    used 14606K, committed 14976K, reserved 1048576K
}
Event: 156.204 GC heap after
{Heap after GC invocations=68 (full 0):
 garbage-first heap   total 211968K, used 104534K [0x0000000080000000, 0x0000000100000000)
  region size 1024K, 1 young (1024K), 1 survivors (1024K)
 Metaspace       used 109862K, committed 110656K, reserved 1179648K
  class space    used 14606K, committed 14976K, reserved 1048576K
}
Event: 157.033 GC heap before
{Heap before GC invocations=68 (full 0):
 garbage-first heap   total 211968K, used 127062K [0x0000000080000000, 0x0000000100000000)
  region size 1024K, 10 young (10240K), 1 survivors (1024K)
 Metaspace       used 110085K, committed 110912K, reserved 1179648K
  class space    used 14636K, committed 15040K, reserved 1048576K
}
Event: 157.090 GC heap after
{Heap after GC invocations=69 (full 0):
 garbage-first heap   total 211968K, used 123602K [0x0000000080000000, 0x0000000100000000)
  region size 1024K, 2 young (2048K), 2 survivors (2048K)
 Metaspace       used 110085K, committed 110912K, reserved 1179648K
  class space    used 14636K, committed 15040K, reserved 1048576K
}
Event: 158.935 GC heap before
{Heap before GC invocations=69 (full 0):
 garbage-first heap   total 211968K, used 197330K [0x0000000080000000, 0x0000000100000000)
  region size 1024K, 44 young (45056K), 2 survivors (2048K)
 Metaspace       used 113232K, committed 114112K, reserved 1179648K
  class space    used 15101K, committed 15488K, reserved 1048576K
}
Event: 159.126 GC heap after
{Heap after GC invocations=70 (full 0):
 garbage-first heap   total 211968K, used 149380K [0x0000000080000000, 0x0000000100000000)
  region size 1024K, 6 young (6144K), 6 survivors (6144K)
 Metaspace       used 113232K, committed 114112K, reserved 1179648K
  class space    used 15101K, committed 15488K, reserved 1048576K
}
Event: 159.967 GC heap before
{Heap before GC invocations=70 (full 0):
 garbage-first heap   total 211968K, used 177028K [0x0000000080000000, 0x0000000100000000)
  region size 1024K, 31 young (31744K), 6 survivors (6144K)
 Metaspace       used 113512K, committed 114368K, reserved 1179648K
  class space    used 15143K, committed 15552K, reserved 1048576K
}
Event: 160.020 GC heap after
{Heap after GC invocations=71 (full 0):
 garbage-first heap   total 211968K, used 154853K [0x0000000080000000, 0x0000000100000000)
  region size 1024K, 4 young (4096K), 4 survivors (4096K)
 Metaspace       used 113512K, committed 114368K, reserved 1179648K
  class space    used 15143K, committed 15552K, reserved 1048576K
}
Event: 160.418 GC heap before
{Heap before GC invocations=71 (full 0):
 garbage-first heap   total 211968K, used 174309K [0x0000000080000000, 0x0000000100000000)
  region size 1024K, 22 young (22528K), 4 survivors (4096K)
 Metaspace       used 113513K, committed 114368K, reserved 1179648K
  class space    used 15143K, committed 15552K, reserved 1048576K
}
Event: 160.509 GC heap after
{Heap after GC invocations=72 (full 0):
 garbage-first heap   total 211968K, used 162816K [0x0000000080000000, 0x0000000100000000)
  region size 1024K, 3 young (3072K), 3 survivors (3072K)
 Metaspace       used 113513K, committed 114368K, reserved 1179648K
  class space    used 15143K, committed 15552K, reserved 1048576K
}
Event: 161.530 GC heap before
{Heap before GC invocations=73 (full 0):
 garbage-first heap   total 273408K, used 173056K [0x0000000080000000, 0x0000000100000000)
  region size 1024K, 13 young (13312K), 3 survivors (3072K)
 Metaspace       used 113513K, committed 114368K, reserved 1179648K
  class space    used 15143K, committed 15552K, reserved 1048576K
}
Event: 161.567 GC heap after
{Heap after GC invocations=74 (full 0):
 garbage-first heap   total 273408K, used 167424K [0x0000000080000000, 0x0000000100000000)
  region size 1024K, 2 young (2048K), 2 survivors (2048K)
 Metaspace       used 113513K, committed 114368K, reserved 1179648K
  class space    used 15143K, committed 15552K, reserved 1048576K
}
Event: 161.852 GC heap before
{Heap before GC invocations=74 (full 0):
 garbage-first heap   total 273408K, used 178688K [0x0000000080000000, 0x0000000100000000)
  region size 1024K, 13 young (13312K), 2 survivors (2048K)
 Metaspace       used 113513K, committed 114368K, reserved 1179648K
  class space    used 15143K, committed 15552K, reserved 1048576K
}

