# JRE version: OpenJDK Runtime Environment (17.0.10) (build 17.0.10+0--11572160)
# Java VM: OpenJDK 64-Bit Server VM (17.0.10+0--11572160, mixed mode, tiered, compressed oops, compressed class ptrs, g1 gc, windows-amd64)
GC Precious Log:
 CPUs: 2 total, 2 available
 Memory: 3911M
 Large Page Support: Disabled
 NUMA Support: Disabled
 Compressed Oops: Enabled (32-bit)
 Heap Region Size: 1M
 Heap Min Capacity: 8M
 Heap Initial Capacity: 62M
 Heap Max Capacity: 2G
 Pre-touch: Disabled
 Parallel Workers: 2
 Concurrent Workers: 1
 Concurrent Refinement Workers: 2
 Periodic GC: Disabled
Heap:
 garbage-first heap   total 232448K, used 142484K [0x0000000080000000, 0x0000000100000000)
  region size 1024K, 5 young (5120K), 5 survivors (5120K)
 Metaspace       used 97420K, committed 98240K, reserved 1179648K
  class space    used 13173K, committed 13568K, reserved 1048576K
GC Heap History (20 events):
Event: 103.264 GC heap after
{Heap after GC invocations=46 (full 0):
 garbage-first heap   total 147456K, used 105056K [0x0000000080000000, 0x0000000100000000)
  region size 1024K, 5 young (5120K), 5 survivors (5120K)
 Metaspace       used 95380K, committed 96192K, reserved 1179648K
  class space    used 13000K, committed 13376K, reserved 1048576K
}
Event: 103.856 GC heap before
{Heap before GC invocations=46 (full 0):
 garbage-first heap   total 147456K, used 121440K [0x0000000080000000, 0x0000000100000000)
  region size 1024K, 21 young (21504K), 5 survivors (5120K)
 Metaspace       used 95385K, committed 96192K, reserved 1179648K
  class space    used 13000K, committed 13376K, reserved 1048576K
}
Event: 103.906 GC heap after
{Heap after GC invocations=47 (full 0):
 garbage-first heap   total 147456K, used 115200K [0x0000000080000000, 0x0000000100000000)
  region size 1024K, 3 young (3072K), 3 survivors (3072K)
 Metaspace       used 95385K, committed 96192K, reserved 1179648K
  class space    used 13000K, committed 13376K, reserved 1048576K
}
Event: 105.049 GC heap before
{Heap before GC invocations=48 (full 0):
 garbage-first heap   total 194560K, used 121344K [0x0000000080000000, 0x0000000100000000)
  region size 1024K, 9 young (9216K), 3 survivors (3072K)
 Metaspace       used 95385K, committed 96192K, reserved 1179648K
  class space    used 13000K, committed 13376K, reserved 1048576K
}
Event: 105.068 GC heap after
{Heap after GC invocations=49 (full 0):
 garbage-first heap   total 194560K, used 118272K [0x0000000080000000, 0x0000000100000000)
  region size 1024K, 2 young (2048K), 2 survivors (2048K)
 Metaspace       used 95385K, committed 96192K, reserved 1179648K
  class space    used 13000K, committed 13376K, reserved 1048576K
}
Event: 105.287 GC heap before
{Heap before GC invocations=49 (full 0):
 garbage-first heap   total 194560K, used 124416K [0x0000000080000000, 0x0000000100000000)
  region size 1024K, 9 young (9216K), 2 survivors (2048K)
 Metaspace       used 95450K, committed 96192K, reserved 1179648K
  class space    used 13012K, committed 13376K, reserved 1048576K
}
Event: 105.316 GC heap after
{Heap after GC invocations=50 (full 0):
 garbage-first heap   total 194560K, used 119139K [0x0000000080000000, 0x0000000100000000)
  region size 1024K, 2 young (2048K), 2 survivors (2048K)
 Metaspace       used 95450K, committed 96192K, reserved 1179648K
  class space    used 13012K, committed 13376K, reserved 1048576K
}
Event: 118.148 GC heap before
{Heap before GC invocations=50 (full 0):
 garbage-first heap   total 194560K, used 151907K [0x0000000080000000, 0x0000000100000000)
  region size 1024K, 27 young (27648K), 2 survivors (2048K)
 Metaspace       used 95832K, committed 96512K, reserved 1179648K
  class space    used 13046K, committed 13376K, reserved 1048576K
}
Event: 118.174 GC heap after
{Heap after GC invocations=51 (full 0):
 garbage-first heap   total 194560K, used 121856K [0x0000000080000000, 0x0000000100000000)
  region size 1024K, 4 young (4096K), 4 survivors (4096K)
 Metaspace       used 95832K, committed 96512K, reserved 1179648K
  class space    used 13046K, committed 13376K, reserved 1048576K
}
Event: 129.284 GC heap before
{Heap before GC invocations=51 (full 0):
 garbage-first heap   total 194560K, used 147456K [0x0000000080000000, 0x0000000100000000)
  region size 1024K, 30 young (30720K), 4 survivors (4096K)
 Metaspace       used 95961K, committed 96640K, reserved 1179648K
  class space    used 13056K, committed 13376K, reserved 1048576K
}
Event: 129.318 GC heap after
{Heap after GC invocations=52 (full 0):
 garbage-first heap   total 194560K, used 127385K [0x0000000080000000, 0x0000000100000000)
  region size 1024K, 4 young (4096K), 4 survivors (4096K)
 Metaspace       used 95961K, committed 96640K, reserved 1179648K
  class space    used 13056K, committed 13376K, reserved 1048576K
}
Event: 129.473 GC heap before
{Heap before GC invocations=52 (full 0):
 garbage-first heap   total 194560K, used 147865K [0x0000000080000000, 0x0000000100000000)
  region size 1024K, 9 young (9216K), 4 survivors (4096K)
 Metaspace       used 95962K, committed 96640K, reserved 1179648K
  class space    used 13056K, committed 13376K, reserved 1048576K
}
Event: 129.491 GC heap after
{Heap after GC invocations=53 (full 0):
 garbage-first heap   total 194560K, used 138468K [0x0000000080000000, 0x0000000100000000)
  region size 1024K, 3 young (3072K), 3 survivors (3072K)
 Metaspace       used 95962K, committed 96640K, reserved 1179648K
  class space    used 13056K, committed 13376K, reserved 1048576K
}
Event: 129.500 GC heap before
{Heap before GC invocations=53 (full 0):
 garbage-first heap   total 194560K, used 142564K [0x0000000080000000, 0x0000000100000000)
  region size 1024K, 4 young (4096K), 3 survivors (3072K)
 Metaspace       used 95962K, committed 96640K, reserved 1179648K
  class space    used 13056K, committed 13376K, reserved 1048576K
}
Event: 129.505 GC heap after
{Heap after GC invocations=54 (full 0):
 garbage-first heap   total 194560K, used 134647K [0x0000000080000000, 0x0000000100000000)
  region size 1024K, 1 young (1024K), 1 survivors (1024K)
 Metaspace       used 95962K, committed 96640K, reserved 1179648K
  class space    used 13056K, committed 13376K, reserved 1048576K
}
Event: 131.855 GC heap before
{Heap before GC invocations=55 (full 0):
 garbage-first heap   total 232448K, used 155127K [0x0000000080000000, 0x0000000100000000)
  region size 1024K, 18 young (18432K), 1 survivors (1024K)
 Metaspace       used 96270K, committed 97088K, reserved 1179648K
  class space    used 13082K, committed 13440K, reserved 1048576K
}
Event: 131.863 GC heap after
{Heap after GC invocations=56 (full 0):
 garbage-first heap   total 232448K, used 136820K [0x0000000080000000, 0x0000000100000000)
  region size 1024K, 3 young (3072K), 3 survivors (3072K)
 Metaspace       used 96270K, committed 97088K, reserved 1179648K
  class space    used 13082K, committed 13440K, reserved 1048576K
}
Event: 132.014 GC heap before
{Heap before GC invocations=56 (full 0):
 garbage-first heap   total 232448K, used 145012K [0x0000000080000000, 0x0000000100000000)
  region size 1024K, 11 young (11264K), 3 survivors (3072K)
 Metaspace       used 96281K, committed 97088K, reserved 1179648K
  class space    used 13083K, committed 13440K, reserved 1048576K
}
Event: 132.034 GC heap after
{Heap after GC invocations=57 (full 0):
 garbage-first heap   total 232448K, used 136934K [0x0000000080000000, 0x0000000100000000)
  region size 1024K, 2 young (2048K), 2 survivors (2048K)
 Metaspace       used 96281K, committed 97088K, reserved 1179648K
  class space    used 13083K, committed 13440K, reserved 1048576K
}
Event: 133.922 GC heap before
{Heap before GC invocations=57 (full 0):
 garbage-first heap   total 232448K, used 171750K [0x0000000080000000, 0x0000000100000000)
  region size 1024K, 37 young (37888K), 2 survivors (2048K)
 Metaspace       used 97420K, committed 98240K, reserved 1179648K
  class space    used 13173K, committed 13568K, reserved 1048576K
}

