# JRE version: OpenJDK Runtime Environment (17.0.10) (build 17.0.10+0--11572160)
# Java VM: OpenJDK 64-Bit Server VM (17.0.10+0--11572160, mixed mode, tiered, compressed oops, compressed class ptrs, g1 gc, windows-amd64)
GC Precious Log:
 CPUs: 2 total, 2 available
 Memory: 3911M
 Large Page Support: Disabled
 NUMA Support: Disabled
 Compressed Oops: Enabled (32-bit)
 Heap Region Size: 1M
 Heap Min Capacity: 8M
 Heap Initial Capacity: 62M
 Heap Max Capacity: 2G
 Pre-touch: Disabled
 Parallel Workers: 2
 Concurrent Workers: 1
 Concurrent Refinement Workers: 2
 Periodic GC: Disabled
Heap:
 garbage-first heap   total 239616K, used 174967K [0x0000000080000000, 0x0000000100000000)
  region size 1024K, 14 young (14336K), 4 survivors (4096K)
 Metaspace       used 123566K, committed 124608K, reserved 1179648K
  class space    used 16608K, committed 17088K, reserved 1048576K
GC Heap History (20 events):
Event: 199.529 GC heap before
{Heap before GC invocations=89 (full 0):
 garbage-first heap   total 220160K, used 132465K [0x0000000080000000, 0x0000000100000000)
  region size 1024K, 10 young (10240K), 6 survivors (6144K)
 Metaspace       used 114087K, committed 114944K, reserved 1179648K
  class space    used 15396K, committed 15808K, reserved 1048576K
}
Event: 199.573 GC heap after
{Heap after GC invocations=90 (full 0):
 garbage-first heap   total 220160K, used 129638K [0x0000000080000000, 0x0000000100000000)
  region size 1024K, 2 young (2048K), 2 survivors (2048K)
 Metaspace       used 114087K, committed 114944K, reserved 1179648K
  class space    used 15396K, committed 15808K, reserved 1048576K
}
Event: 204.290 GC heap before
{Heap before GC invocations=90 (full 0):
 garbage-first heap   total 220160K, used 180838K [0x0000000080000000, 0x0000000100000000)
  region size 1024K, 52 young (53248K), 2 survivors (2048K)
 Metaspace       used 115007K, committed 115776K, reserved 1179648K
  class space    used 15512K, committed 15872K, reserved 1048576K
}
Event: 204.329 GC heap after
{Heap after GC invocations=91 (full 0):
 garbage-first heap   total 220160K, used 134210K [0x0000000080000000, 0x0000000100000000)
  region size 1024K, 6 young (6144K), 6 survivors (6144K)
 Metaspace       used 115007K, committed 115776K, reserved 1179648K
  class space    used 15512K, committed 15872K, reserved 1048576K
}
Event: 209.166 GC heap before
{Heap before GC invocations=91 (full 0):
 garbage-first heap   total 220160K, used 181314K [0x0000000080000000, 0x0000000100000000)
  region size 1024K, 53 young (54272K), 6 survivors (6144K)
 Metaspace       used 116188K, committed 116992K, reserved 1179648K
  class space    used 15629K, committed 16000K, reserved 1048576K
}
Event: 209.207 GC heap after
{Heap after GC invocations=92 (full 0):
 garbage-first heap   total 220160K, used 137652K [0x0000000080000000, 0x0000000100000000)
  region size 1024K, 4 young (4096K), 4 survivors (4096K)
 Metaspace       used 116188K, committed 116992K, reserved 1179648K
  class space    used 15629K, committed 16000K, reserved 1048576K
}
Event: 333.939 GC heap before
{Heap before GC invocations=92 (full 0):
 garbage-first heap   total 220160K, used 184756K [0x0000000080000000, 0x0000000100000000)
  region size 1024K, 50 young (51200K), 4 survivors (4096K)
 Metaspace       used 117976K, committed 118976K, reserved 1179648K
  class space    used 15836K, committed 16320K, reserved 1048576K
}
Event: 334.147 GC heap after
{Heap after GC invocations=93 (full 0):
 garbage-first heap   total 220160K, used 142245K [0x0000000080000000, 0x0000000100000000)
  region size 1024K, 7 young (7168K), 7 survivors (7168K)
 Metaspace       used 117976K, committed 118976K, reserved 1179648K
  class space    used 15836K, committed 16320K, reserved 1048576K
}
Event: 339.898 GC heap before
{Heap before GC invocations=94 (full 0):
 garbage-first heap   total 239616K, used 183205K [0x0000000080000000, 0x0000000100000000)
  region size 1024K, 48 young (49152K), 7 survivors (7168K)
 Metaspace       used 118474K, committed 119488K, reserved 1179648K
  class space    used 15867K, committed 16320K, reserved 1048576K
}
Event: 339.976 GC heap after
{Heap after GC invocations=95 (full 0):
 garbage-first heap   total 239616K, used 148230K [0x0000000080000000, 0x0000000100000000)
  region size 1024K, 6 young (6144K), 6 survivors (6144K)
 Metaspace       used 118474K, committed 119488K, reserved 1179648K
  class space    used 15867K, committed 16320K, reserved 1048576K
}
Event: 340.266 GC heap before
{Heap before GC invocations=95 (full 0):
 garbage-first heap   total 239616K, used 153350K [0x0000000080000000, 0x0000000100000000)
  region size 1024K, 11 young (11264K), 6 survivors (6144K)
 Metaspace       used 118481K, committed 119488K, reserved 1179648K
  class space    used 15867K, committed 16320K, reserved 1048576K
}
Event: 340.331 GC heap after
{Heap after GC invocations=96 (full 0):
 garbage-first heap   total 239616K, used 148991K [0x0000000080000000, 0x0000000100000000)
  region size 1024K, 2 young (2048K), 2 survivors (2048K)
 Metaspace       used 118481K, committed 119488K, reserved 1179648K
  class space    used 15867K, committed 16320K, reserved 1048576K
}
Event: 400.280 GC heap before
{Heap before GC invocations=96 (full 0):
 garbage-first heap   total 239616K, used 198143K [0x0000000080000000, 0x0000000100000000)
  region size 1024K, 50 young (51200K), 2 survivors (2048K)
 Metaspace       used 119233K, committed 120192K, reserved 1179648K
  class space    used 15914K, committed 16384K, reserved 1048576K
}
Event: 400.583 GC heap after
{Heap after GC invocations=97 (full 0):
 garbage-first heap   total 239616K, used 154623K [0x0000000080000000, 0x0000000100000000)
  region size 1024K, 7 young (7168K), 7 survivors (7168K)
 Metaspace       used 119233K, committed 120192K, reserved 1179648K
  class space    used 15914K, committed 16384K, reserved 1048576K
}
Event: 420.617 GC heap before
{Heap before GC invocations=97 (full 0):
 garbage-first heap   total 239616K, used 196607K [0x0000000080000000, 0x0000000100000000)
  region size 1024K, 48 young (49152K), 7 survivors (7168K)
 Metaspace       used 120510K, committed 121536K, reserved 1179648K
  class space    used 16112K, committed 16640K, reserved 1048576K
}
Event: 420.850 GC heap after
{Heap after GC invocations=98 (full 0):
 garbage-first heap   total 239616K, used 159966K [0x0000000080000000, 0x0000000100000000)
  region size 1024K, 6 young (6144K), 6 survivors (6144K)
 Metaspace       used 120510K, committed 121536K, reserved 1179648K
  class space    used 16112K, committed 16640K, reserved 1048576K
}
Event: 445.410 GC heap before
{Heap before GC invocations=98 (full 0):
 garbage-first heap   total 239616K, used 199902K [0x0000000080000000, 0x0000000100000000)
  region size 1024K, 46 young (47104K), 6 survivors (6144K)
 Metaspace       used 122463K, committed 123456K, reserved 1179648K
  class space    used 16402K, committed 16896K, reserved 1048576K
}
Event: 445.618 GC heap after
{Heap after GC invocations=99 (full 0):
 garbage-first heap   total 239616K, used 163327K [0x0000000080000000, 0x0000000100000000)
  region size 1024K, 4 young (4096K), 4 survivors (4096K)
 Metaspace       used 122463K, committed 123456K, reserved 1179648K
  class space    used 16402K, committed 16896K, reserved 1048576K
}
Event: 468.207 GC heap before
{Heap before GC invocations=99 (full 0):
 garbage-first heap   total 239616K, used 201215K [0x0000000080000000, 0x0000000100000000)
  region size 1024K, 42 young (43008K), 4 survivors (4096K)
 Metaspace       used 123488K, committed 124544K, reserved 1179648K
  class space    used 16598K, committed 17088K, reserved 1048576K
}
Event: 468.412 GC heap after
{Heap after GC invocations=100 (full 0):
 garbage-first heap   total 239616K, used 166775K [0x0000000080000000, 0x0000000100000000)
  region size 1024K, 4 young (4096K), 4 survivors (4096K)
 Metaspace       used 123488K, committed 124544K, reserved 1179648K
  class space    used 16598K, committed 17088K, reserved 1048576K
}

