# JRE version: OpenJDK Runtime Environment (17.0.10) (build 17.0.10+0--11572160)
# Java VM: OpenJDK 64-Bit Server VM (17.0.10+0--11572160, mixed mode, tiered, compressed oops, compressed class ptrs, g1 gc, windows-amd64)
GC Precious Log:
 CPUs: 2 total, 2 available
 Memory: 3911M
 Large Page Support: Disabled
 NUMA Support: Disabled
 Compressed Oops: Enabled (32-bit)
 Heap Region Size: 1M
 Heap Min Capacity: 8M
 Heap Initial Capacity: 62M
 Heap Max Capacity: 2G
 Pre-touch: Disabled
 Parallel Workers: 2
 Concurrent Workers: 1
 Concurrent Refinement Workers: 2
 Periodic GC: Disabled
Heap:
 garbage-first heap   total 389120K, used 199329K [0x0000000080000000, 0x0000000100000000)
  region size 1024K, 90 young (92160K), 4 survivors (4096K)
 Metaspace       used 106547K, committed 107328K, reserved 1179648K
  class space    used 14495K, committed 14848K, reserved 1048576K
GC Heap History (20 events):
Event: 55.298 GC heap before
{Heap before GC invocations=59 (full 0):
 garbage-first heap   total 133120K, used 108868K [0x0000000080000000, 0x0000000100000000)
  region size 1024K, 36 young (36864K), 4 survivors (4096K)
 Metaspace       used 90664K, committed 91328K, reserved 1179648K
  class space    used 12546K, committed 12864K, reserved 1048576K
}
Event: 55.335 GC heap after
{Heap after GC invocations=60 (full 0):
 garbage-first heap   total 133120K, used 81395K [0x0000000080000000, 0x0000000100000000)
  region size 1024K, 5 young (5120K), 5 survivors (5120K)
 Metaspace       used 90664K, committed 91328K, reserved 1179648K
  class space    used 12546K, committed 12864K, reserved 1048576K
}
Event: 57.718 GC heap before
{Heap before GC invocations=60 (full 0):
 garbage-first heap   total 133120K, used 109043K [0x0000000080000000, 0x0000000100000000)
  region size 1024K, 33 young (33792K), 5 survivors (5120K)
 Metaspace       used 90797K, committed 91584K, reserved 1179648K
  class space    used 12548K, committed 12928K, reserved 1048576K
}
Event: 57.748 GC heap after
{Heap after GC invocations=61 (full 0):
 garbage-first heap   total 133120K, used 83015K [0x0000000080000000, 0x0000000100000000)
  region size 1024K, 3 young (3072K), 3 survivors (3072K)
 Metaspace       used 90797K, committed 91584K, reserved 1179648K
  class space    used 12548K, committed 12928K, reserved 1048576K
}
Event: 60.296 GC heap before
{Heap before GC invocations=62 (full 0):
 garbage-first heap   total 143360K, used 109639K [0x0000000080000000, 0x0000000100000000)
  region size 1024K, 30 young (30720K), 3 survivors (3072K)
 Metaspace       used 91088K, committed 91840K, reserved 1179648K
  class space    used 12573K, committed 12928K, reserved 1048576K
}
Event: 60.314 GC heap after
{Heap after GC invocations=63 (full 0):
 garbage-first heap   total 172032K, used 85165K [0x0000000080000000, 0x0000000100000000)
  region size 1024K, 3 young (3072K), 3 survivors (3072K)
 Metaspace       used 91088K, committed 91840K, reserved 1179648K
  class space    used 12573K, committed 12928K, reserved 1048576K
}
Event: 63.438 GC heap before
{Heap before GC invocations=63 (full 0):
 garbage-first heap   total 172032K, used 137389K [0x0000000080000000, 0x0000000100000000)
  region size 1024K, 55 young (56320K), 3 survivors (3072K)
 Metaspace       used 91411K, committed 92096K, reserved 1179648K
  class space    used 12609K, committed 12928K, reserved 1048576K
}
Event: 63.466 GC heap after
{Heap after GC invocations=64 (full 0):
 garbage-first heap   total 172032K, used 88136K [0x0000000080000000, 0x0000000100000000)
  region size 1024K, 6 young (6144K), 6 survivors (6144K)
 Metaspace       used 91411K, committed 92096K, reserved 1179648K
  class space    used 12609K, committed 12928K, reserved 1048576K
}
Event: 66.074 GC heap before
{Heap before GC invocations=65 (full 0):
 garbage-first heap   total 172032K, used 144456K [0x0000000080000000, 0x0000000100000000)
  region size 1024K, 57 young (58368K), 6 survivors (6144K)
 Metaspace       used 93233K, committed 94016K, reserved 1179648K
  class space    used 12770K, committed 13120K, reserved 1048576K
}
Event: 66.119 GC heap after
{Heap after GC invocations=66 (full 0):
 garbage-first heap   total 172032K, used 93951K [0x0000000080000000, 0x0000000100000000)
  region size 1024K, 8 young (8192K), 8 survivors (8192K)
 Metaspace       used 93233K, committed 94016K, reserved 1179648K
  class space    used 12770K, committed 13120K, reserved 1048576K
}
Event: 66.156 GC heap before
{Heap before GC invocations=66 (full 0):
 garbage-first heap   total 172032K, used 94975K [0x0000000080000000, 0x0000000100000000)
  region size 1024K, 9 young (9216K), 8 survivors (8192K)
 Metaspace       used 93233K, committed 94016K, reserved 1179648K
  class space    used 12770K, committed 13120K, reserved 1048576K
}
Event: 66.183 GC heap after
{Heap after GC invocations=67 (full 0):
 garbage-first heap   total 172032K, used 94208K [0x0000000080000000, 0x0000000100000000)
  region size 1024K, 1 young (1024K), 1 survivors (1024K)
 Metaspace       used 93233K, committed 94016K, reserved 1179648K
  class space    used 12770K, committed 13120K, reserved 1048576K
}
Event: 68.801 GC heap before
{Heap before GC invocations=67 (full 0):
 garbage-first heap   total 172032K, used 134144K [0x0000000080000000, 0x0000000100000000)
  region size 1024K, 42 young (43008K), 1 survivors (1024K)
 Metaspace       used 100364K, committed 101056K, reserved 1179648K
  class space    used 13671K, committed 13952K, reserved 1048576K
}
Event: 68.814 GC heap after
{Heap after GC invocations=68 (full 0):
 garbage-first heap   total 172032K, used 96670K [0x0000000080000000, 0x0000000100000000)
  region size 1024K, 4 young (4096K), 4 survivors (4096K)
 Metaspace       used 100364K, committed 101056K, reserved 1179648K
  class space    used 13671K, committed 13952K, reserved 1048576K
}
Event: 71.482 GC heap before
{Heap before GC invocations=69 (full 0):
 garbage-first heap   total 172032K, used 142750K [0x0000000080000000, 0x0000000100000000)
  region size 1024K, 47 young (48128K), 4 survivors (4096K)
 Metaspace       used 101108K, committed 101760K, reserved 1179648K
  class space    used 13744K, committed 14016K, reserved 1048576K
}
Event: 71.534 GC heap after
{Heap after GC invocations=70 (full 0):
 garbage-first heap   total 172032K, used 110237K [0x0000000080000000, 0x0000000100000000)
  region size 1024K, 6 young (6144K), 6 survivors (6144K)
 Metaspace       used 101108K, committed 101760K, reserved 1179648K
  class space    used 13744K, committed 14016K, reserved 1048576K
}
Event: 71.675 GC heap before
{Heap before GC invocations=70 (full 0):
 garbage-first heap   total 172032K, used 111261K [0x0000000080000000, 0x0000000100000000)
  region size 1024K, 8 young (8192K), 6 survivors (6144K)
 Metaspace       used 101318K, committed 102016K, reserved 1179648K
  class space    used 13767K, committed 14080K, reserved 1048576K
}
Event: 71.724 GC heap after
{Heap after GC invocations=71 (full 0):
 garbage-first heap   total 172032K, used 111092K [0x0000000080000000, 0x0000000100000000)
  region size 1024K, 1 young (1024K), 1 survivors (1024K)
 Metaspace       used 101318K, committed 102016K, reserved 1179648K
  class space    used 13767K, committed 14080K, reserved 1048576K
}
Event: 79.280 GC heap before
{Heap before GC invocations=71 (full 0):
 garbage-first heap   total 172032K, used 139764K [0x0000000080000000, 0x0000000100000000)
  region size 1024K, 30 young (30720K), 1 survivors (1024K)
 Metaspace       used 101903K, committed 102656K, reserved 1179648K
  class space    used 13848K, committed 14208K, reserved 1048576K
}
Event: 79.304 GC heap after
{Heap after GC invocations=72 (full 0):
 garbage-first heap   total 401408K, used 113313K [0x0000000080000000, 0x0000000100000000)
  region size 1024K, 4 young (4096K), 4 survivors (4096K)
 Metaspace       used 101903K, committed 102656K, reserved 1179648K
  class space    used 13848K, committed 14208K, reserved 1048576K
}

