# JRE version: OpenJDK Runtime Environment (17.0.10) (build 17.0.10+0--11572160)
# Java VM: OpenJDK 64-Bit Server VM (17.0.10+0--11572160, mixed mode, tiered, compressed oops, compressed class ptrs, g1 gc, windows-amd64)
GC Precious Log:
 CPUs: 2 total, 2 available
 Memory: 3911M
 Large Page Support: Disabled
 NUMA Support: Disabled
 Compressed Oops: Enabled (32-bit)
 Heap Region Size: 1M
 Heap Min Capacity: 8M
 Heap Initial Capacity: 62M
 Heap Max Capacity: 2G
 Pre-touch: Disabled
 Parallel Workers: 2
 Concurrent Workers: 1
 Concurrent Refinement Workers: 2
 Periodic GC: Disabled
Heap:
 garbage-first heap   total 296960K, used 134480K [0x0000000080000000, 0x0000000100000000)
  region size 1024K, 3 young (3072K), 3 survivors (3072K)
 Metaspace       used 111156K, committed 111936K, reserved 1179648K
  class space    used 15002K, committed 15360K, reserved 1048576K
GC Heap History (20 events):
Event: 61.882 GC heap after
{Heap after GC invocations=59 (full 0):
 garbage-first heap   total 148480K, used 87842K [0x0000000080000000, 0x0000000100000000)
  region size 1024K, 3 young (3072K), 3 survivors (3072K)
 Metaspace       used 96547K, committed 97216K, reserved 1179648K
  class space    used 13278K, committed 13568K, reserved 1048576K
}
Event: 62.228 GC heap before
{Heap before GC invocations=59 (full 0):
 garbage-first heap   total 148480K, used 90914K [0x0000000080000000, 0x0000000100000000)
  region size 1024K, 7 young (7168K), 3 survivors (3072K)
 Metaspace       used 96566K, committed 97280K, reserved 1179648K
  class space    used 13278K, committed 13568K, reserved 1048576K
}
Event: 62.242 GC heap after
{Heap after GC invocations=60 (full 0):
 garbage-first heap   total 148480K, used 87592K [0x0000000080000000, 0x0000000100000000)
  region size 1024K, 1 young (1024K), 1 survivors (1024K)
 Metaspace       used 96566K, committed 97280K, reserved 1179648K
  class space    used 13278K, committed 13568K, reserved 1048576K
}
Event: 64.871 GC heap before
{Heap before GC invocations=60 (full 0):
 garbage-first heap   total 148480K, used 122408K [0x0000000080000000, 0x0000000100000000)
  region size 1024K, 36 young (36864K), 1 survivors (1024K)
 Metaspace       used 96848K, committed 97536K, reserved 1179648K
  class space    used 13315K, committed 13632K, reserved 1048576K
}
Event: 64.916 GC heap after
{Heap after GC invocations=61 (full 0):
 garbage-first heap   total 296960K, used 90632K [0x0000000080000000, 0x0000000100000000)
  region size 1024K, 4 young (4096K), 4 survivors (4096K)
 Metaspace       used 96848K, committed 97536K, reserved 1179648K
  class space    used 13315K, committed 13632K, reserved 1048576K
}
Event: 80.767 GC heap before
{Heap before GC invocations=62 (full 0):
 garbage-first heap   total 296960K, used 238088K [0x0000000080000000, 0x0000000100000000)
  region size 1024K, 142 young (145408K), 4 survivors (4096K)
 Metaspace       used 106280K, committed 107008K, reserved 1179648K
  class space    used 14440K, committed 14784K, reserved 1048576K
}
Event: 81.831 GC heap after
{Heap after GC invocations=63 (full 0):
 garbage-first heap   total 296960K, used 110344K [0x0000000080000000, 0x0000000100000000)
  region size 1024K, 18 young (18432K), 18 survivors (18432K)
 Metaspace       used 106280K, committed 107008K, reserved 1179648K
  class space    used 14440K, committed 14784K, reserved 1048576K
}
Event: 82.833 GC heap before
{Heap before GC invocations=63 (full 0):
 garbage-first heap   total 296960K, used 111368K [0x0000000080000000, 0x0000000100000000)
  region size 1024K, 19 young (19456K), 18 survivors (18432K)
 Metaspace       used 106283K, committed 107008K, reserved 1179648K
  class space    used 14440K, committed 14784K, reserved 1048576K
}
Event: 84.436 GC heap after
{Heap after GC invocations=64 (full 0):
 garbage-first heap   total 296960K, used 110592K [0x0000000080000000, 0x0000000100000000)
  region size 1024K, 1 young (1024K), 1 survivors (1024K)
 Metaspace       used 106283K, committed 107008K, reserved 1179648K
  class space    used 14440K, committed 14784K, reserved 1048576K
}
Event: 88.880 GC heap before
{Heap before GC invocations=64 (full 0):
 garbage-first heap   total 296960K, used 138240K [0x0000000080000000, 0x0000000100000000)
  region size 1024K, 28 young (28672K), 1 survivors (1024K)
 Metaspace       used 107303K, committed 108096K, reserved 1179648K
  class space    used 14521K, committed 14912K, reserved 1048576K
}
Event: 88.952 GC heap after
{Heap after GC invocations=65 (full 0):
 garbage-first heap   total 296960K, used 115712K [0x0000000080000000, 0x0000000100000000)
  region size 1024K, 4 young (4096K), 4 survivors (4096K)
 Metaspace       used 107303K, committed 108096K, reserved 1179648K
  class space    used 14521K, committed 14912K, reserved 1048576K
}
Event: 93.172 GC heap before
{Heap before GC invocations=65 (full 0):
 garbage-first heap   total 296960K, used 137216K [0x0000000080000000, 0x0000000100000000)
  region size 1024K, 25 young (25600K), 4 survivors (4096K)
 Metaspace       used 109102K, committed 109824K, reserved 1179648K
  class space    used 14733K, committed 15104K, reserved 1048576K
}
Event: 93.229 GC heap after
{Heap after GC invocations=66 (full 0):
 garbage-first heap   total 296960K, used 118648K [0x0000000080000000, 0x0000000100000000)
  region size 1024K, 3 young (3072K), 3 survivors (3072K)
 Metaspace       used 109102K, committed 109824K, reserved 1179648K
  class space    used 14733K, committed 15104K, reserved 1048576K
}
Event: 105.356 GC heap before
{Heap before GC invocations=66 (full 0):
 garbage-first heap   total 296960K, used 162680K [0x0000000080000000, 0x0000000100000000)
  region size 1024K, 47 young (48128K), 3 survivors (3072K)
 Metaspace       used 109912K, committed 110720K, reserved 1179648K
  class space    used 14831K, committed 15168K, reserved 1048576K
}
Event: 105.586 GC heap after
{Heap after GC invocations=67 (full 0):
 garbage-first heap   total 296960K, used 121581K [0x0000000080000000, 0x0000000100000000)
  region size 1024K, 6 young (6144K), 6 survivors (6144K)
 Metaspace       used 109912K, committed 110720K, reserved 1179648K
  class space    used 14831K, committed 15168K, reserved 1048576K
}
Event: 109.384 GC heap before
{Heap before GC invocations=67 (full 0):
 garbage-first heap   total 296960K, used 143085K [0x0000000080000000, 0x0000000100000000)
  region size 1024K, 28 young (28672K), 6 survivors (6144K)
 Metaspace       used 110569K, committed 111360K, reserved 1179648K
  class space    used 14939K, committed 15296K, reserved 1048576K
}
Event: 109.512 GC heap after
{Heap after GC invocations=68 (full 0):
 garbage-first heap   total 296960K, used 123753K [0x0000000080000000, 0x0000000100000000)
  region size 1024K, 3 young (3072K), 3 survivors (3072K)
 Metaspace       used 110569K, committed 111360K, reserved 1179648K
  class space    used 14939K, committed 15296K, reserved 1048576K
}
Event: 114.351 GC heap before
{Heap before GC invocations=68 (full 0):
 garbage-first heap   total 296960K, used 191337K [0x0000000080000000, 0x0000000100000000)
  region size 1024K, 70 young (71680K), 3 survivors (3072K)
 Metaspace       used 111126K, committed 111872K, reserved 1179648K
  class space    used 15000K, committed 15360K, reserved 1048576K
}
Event: 114.490 GC heap after
{Heap after GC invocations=69 (full 0):
 garbage-first heap   total 296960K, used 131857K [0x0000000080000000, 0x0000000100000000)
  region size 1024K, 9 young (9216K), 9 survivors (9216K)
 Metaspace       used 111126K, committed 111872K, reserved 1179648K
  class space    used 15000K, committed 15360K, reserved 1048576K
}
Event: 116.243 GC heap before
{Heap before GC invocations=69 (full 0):
 garbage-first heap   total 296960K, used 147217K [0x0000000080000000, 0x0000000100000000)
  region size 1024K, 24 young (24576K), 9 survivors (9216K)
 Metaspace       used 111156K, committed 111936K, reserved 1179648K
  class space    used 15002K, committed 15360K, reserved 1048576K
}

