# JRE version: OpenJDK Runtime Environment (17.0.10) (build 17.0.10+0--11572160)
# Java VM: OpenJDK 64-Bit Server VM (17.0.10+0--11572160, mixed mode, tiered, compressed oops, compressed class ptrs, g1 gc, windows-amd64)
GC Precious Log:
 CPUs: 2 total, 2 available
 Memory: 3911M
 Large Page Support: Disabled
 NUMA Support: Disabled
 Compressed Oops: Enabled (32-bit)
 Heap Region Size: 1M
 Heap Min Capacity: 8M
 Heap Initial Capacity: 62M
 Heap Max Capacity: 2G
 Pre-touch: Disabled
 Parallel Workers: 2
 Concurrent Workers: 1
 Concurrent Refinement Workers: 2
 Periodic GC: Disabled
Heap:
 garbage-first heap   total 326656K, used 222720K [0x0000000080000000, 0x0000000100000000)
  region size 1024K, 2 young (2048K), 2 survivors (2048K)
 Metaspace       used 104130K, committed 104896K, reserved 1179648K
  class space    used 14457K, committed 14784K, reserved 1048576K
GC Heap History (20 events):
Event: 78.562 GC heap after
{Heap after GC invocations=69 (full 0):
 garbage-first heap   total 157696K, used 87663K [0x0000000080000000, 0x0000000100000000)
  region size 1024K, 1 young (1024K), 1 survivors (1024K)
 Metaspace       used 91368K, committed 92096K, reserved 1179648K
  class space    used 12610K, committed 12928K, reserved 1048576K
}
Event: 80.047 GC heap before
{Heap before GC invocations=69 (full 0):
 garbage-first heap   total 157696K, used 121455K [0x0000000080000000, 0x0000000100000000)
  region size 1024K, 36 young (36864K), 1 survivors (1024K)
 Metaspace       used 91892K, committed 92544K, reserved 1179648K
  class space    used 12690K, committed 12992K, reserved 1048576K
}
Event: 80.064 GC heap after
{Heap after GC invocations=70 (full 0):
 garbage-first heap   total 157696K, used 90838K [0x0000000080000000, 0x0000000100000000)
  region size 1024K, 4 young (4096K), 4 survivors (4096K)
 Metaspace       used 91892K, committed 92544K, reserved 1179648K
  class space    used 12690K, committed 12992K, reserved 1048576K
}
Event: 82.151 GC heap before
{Heap before GC invocations=71 (full 0):
 garbage-first heap   total 165888K, used 133846K [0x0000000080000000, 0x0000000100000000)
  region size 1024K, 42 young (43008K), 4 survivors (4096K)
 Metaspace       used 95803K, committed 96512K, reserved 1179648K
  class space    used 13162K, committed 13440K, reserved 1048576K
}
Event: 82.175 GC heap after
{Heap after GC invocations=72 (full 0):
 garbage-first heap   total 165888K, used 92513K [0x0000000080000000, 0x0000000100000000)
  region size 1024K, 3 young (3072K), 3 survivors (3072K)
 Metaspace       used 95803K, committed 96512K, reserved 1179648K
  class space    used 13162K, committed 13440K, reserved 1048576K
}
Event: 82.372 GC heap before
{Heap before GC invocations=72 (full 0):
 garbage-first heap   total 165888K, used 96609K [0x0000000080000000, 0x0000000100000000)
  region size 1024K, 8 young (8192K), 3 survivors (3072K)
 Metaspace       used 96413K, committed 97152K, reserved 1179648K
  class space    used 13243K, committed 13568K, reserved 1048576K
}
Event: 82.393 GC heap after
{Heap after GC invocations=73 (full 0):
 garbage-first heap   total 165888K, used 91063K [0x0000000080000000, 0x0000000100000000)
  region size 1024K, 1 young (1024K), 1 survivors (1024K)
 Metaspace       used 96413K, committed 97152K, reserved 1179648K
  class space    used 13243K, committed 13568K, reserved 1048576K
}
Event: 85.224 GC heap before
{Heap before GC invocations=73 (full 0):
 garbage-first heap   total 165888K, used 137143K [0x0000000080000000, 0x0000000100000000)
  region size 1024K, 46 young (47104K), 1 survivors (1024K)
 Metaspace       used 97499K, committed 98240K, reserved 1179648K
  class space    used 13348K, committed 13696K, reserved 1048576K
}
Event: 85.249 GC heap after
{Heap after GC invocations=74 (full 0):
 garbage-first heap   total 299008K, used 95488K [0x0000000080000000, 0x0000000100000000)
  region size 1024K, 5 young (5120K), 5 survivors (5120K)
 Metaspace       used 97499K, committed 98240K, reserved 1179648K
  class space    used 13348K, committed 13696K, reserved 1048576K
}
Event: 92.586 GC heap before
{Heap before GC invocations=75 (full 0):
 garbage-first heap   total 299008K, used 278784K [0x0000000080000000, 0x0000000100000000)
  region size 1024K, 135 young (138240K), 5 survivors (5120K)
 Metaspace       used 101435K, committed 102144K, reserved 1179648K
  class space    used 13923K, committed 14272K, reserved 1048576K
}
Event: 92.815 GC heap after
{Heap after GC invocations=76 (full 0):
 garbage-first heap   total 325632K, used 165067K [0x0000000080000000, 0x0000000100000000)
  region size 1024K, 19 young (19456K), 19 survivors (19456K)
 Metaspace       used 101435K, committed 102144K, reserved 1179648K
  class space    used 13923K, committed 14272K, reserved 1048576K
}
Event: 92.960 GC heap before
{Heap before GC invocations=76 (full 0):
 garbage-first heap   total 325632K, used 166091K [0x0000000080000000, 0x0000000100000000)
  region size 1024K, 20 young (20480K), 19 survivors (19456K)
 Metaspace       used 101435K, committed 102144K, reserved 1179648K
  class space    used 13923K, committed 14272K, reserved 1048576K
}
Event: 93.100 GC heap after
{Heap after GC invocations=77 (full 0):
 garbage-first heap   total 325632K, used 164864K [0x0000000080000000, 0x0000000100000000)
  region size 1024K, 1 young (1024K), 1 survivors (1024K)
 Metaspace       used 101435K, committed 102144K, reserved 1179648K
  class space    used 13923K, committed 14272K, reserved 1048576K
}
Event: 97.389 GC heap before
{Heap before GC invocations=77 (full 0):
 garbage-first heap   total 325632K, used 237568K [0x0000000080000000, 0x0000000100000000)
  region size 1024K, 73 young (74752K), 1 survivors (1024K)
 Metaspace       used 104128K, committed 104896K, reserved 1179648K
  class space    used 14456K, committed 14784K, reserved 1048576K
}
Event: 97.533 GC heap after
{Heap after GC invocations=78 (full 0):
 garbage-first heap   total 325632K, used 194048K [0x0000000080000000, 0x0000000100000000)
  region size 1024K, 10 young (10240K), 10 survivors (10240K)
 Metaspace       used 104128K, committed 104896K, reserved 1179648K
  class space    used 14456K, committed 14784K, reserved 1048576K
}
Event: 99.664 GC heap before
{Heap before GC invocations=79 (full 0):
 garbage-first heap   total 326656K, used 229888K [0x0000000080000000, 0x0000000100000000)
  region size 1024K, 45 young (46080K), 10 survivors (10240K)
 Metaspace       used 104129K, committed 104896K, reserved 1179648K
  class space    used 14457K, committed 14784K, reserved 1048576K
}
Event: 99.801 GC heap after
{Heap after GC invocations=80 (full 0):
 garbage-first heap   total 326656K, used 211968K [0x0000000080000000, 0x0000000100000000)
  region size 1024K, 6 young (6144K), 6 survivors (6144K)
 Metaspace       used 104129K, committed 104896K, reserved 1179648K
  class space    used 14457K, committed 14784K, reserved 1048576K
}
Event: 100.029 GC heap before
{Heap before GC invocations=80 (full 0):
 garbage-first heap   total 326656K, used 220160K [0x0000000080000000, 0x0000000100000000)
  region size 1024K, 15 young (15360K), 6 survivors (6144K)
 Metaspace       used 104129K, committed 104896K, reserved 1179648K
  class space    used 14457K, committed 14784K, reserved 1048576K
}
Event: 100.132 GC heap after
{Heap after GC invocations=81 (full 0):
 garbage-first heap   total 326656K, used 216064K [0x0000000080000000, 0x0000000100000000)
  region size 1024K, 2 young (2048K), 2 survivors (2048K)
 Metaspace       used 104129K, committed 104896K, reserved 1179648K
  class space    used 14457K, committed 14784K, reserved 1048576K
}
Event: 100.469 GC heap before
{Heap before GC invocations=81 (full 0):
 garbage-first heap   total 326656K, used 229376K [0x0000000080000000, 0x0000000100000000)
  region size 1024K, 15 young (15360K), 2 survivors (2048K)
 Metaspace       used 104130K, committed 104896K, reserved 1179648K
  class space    used 14457K, committed 14784K, reserved 1048576K
}

