# JRE version: OpenJDK Runtime Environment (17.0.10) (build 17.0.10+0--11572160)
# Java VM: OpenJDK 64-Bit Server VM (17.0.10+0--11572160, mixed mode, tiered, compressed oops, compressed class ptrs, g1 gc, windows-amd64)
GC Precious Log:
 CPUs: 2 total, 2 available
 Memory: 3911M
 Large Page Support: Disabled
 NUMA Support: Disabled
 Compressed Oops: Enabled (32-bit)
 Heap Region Size: 1M
 Heap Min Capacity: 8M
 Heap Initial Capacity: 62M
 Heap Max Capacity: 2G
 Pre-touch: Disabled
 Parallel Workers: 2
 Concurrent Workers: 1
 Concurrent Refinement Workers: 2
 Periodic GC: Disabled
Heap:
 garbage-first heap   total 235520K, used 154838K [0x0000000080000000, 0x0000000100000000)
  region size 1024K, 5 young (5120K), 1 survivors (1024K)
 Metaspace       used 115300K, committed 116352K, reserved 1179648K
  class space    used 15608K, committed 16128K, reserved 1048576K
GC Heap History (20 events):
Event: 61.404 GC heap before
{Heap before GC invocations=50 (full 0):
 garbage-first heap   total 235520K, used 193433K [0x0000000080000000, 0x0000000100000000)
  region size 1024K, 85 young (87040K), 12 survivors (12288K)
 Metaspace       used 93838K, committed 94592K, reserved 1179648K
  class space    used 12799K, committed 13120K, reserved 1048576K
}
Event: 61.451 GC heap after
{Heap after GC invocations=51 (full 0):
 garbage-first heap   total 235520K, used 122511K [0x0000000080000000, 0x0000000100000000)
  region size 1024K, 5 young (5120K), 5 survivors (5120K)
 Metaspace       used 93838K, committed 94592K, reserved 1179648K
  class space    used 12799K, committed 13120K, reserved 1048576K
}
Event: 66.853 GC heap before
{Heap before GC invocations=51 (full 0):
 garbage-first heap   total 235520K, used 199311K [0x0000000080000000, 0x0000000100000000)
  region size 1024K, 75 young (76800K), 5 survivors (5120K)
 Metaspace       used 101716K, committed 102528K, reserved 1179648K
  class space    used 13753K, committed 14144K, reserved 1048576K
}
Event: 66.884 GC heap after
{Heap after GC invocations=52 (full 0):
 garbage-first heap   total 235520K, used 125017K [0x0000000080000000, 0x0000000100000000)
  region size 1024K, 7 young (7168K), 7 survivors (7168K)
 Metaspace       used 101716K, committed 102528K, reserved 1179648K
  class space    used 13753K, committed 14144K, reserved 1048576K
}
Event: 66.935 GC heap before
{Heap before GC invocations=52 (full 0):
 garbage-first heap   total 235520K, used 125017K [0x0000000080000000, 0x0000000100000000)
  region size 1024K, 8 young (8192K), 7 survivors (7168K)
 Metaspace       used 101750K, committed 102528K, reserved 1179648K
  class space    used 13757K, committed 14144K, reserved 1048576K
}
Event: 66.958 GC heap after
{Heap after GC invocations=53 (full 0):
 garbage-first heap   total 235520K, used 124928K [0x0000000080000000, 0x0000000100000000)
  region size 1024K, 3 young (3072K), 3 survivors (3072K)
 Metaspace       used 101750K, committed 102528K, reserved 1179648K
  class space    used 13757K, committed 14144K, reserved 1048576K
}
Event: 73.602 GC heap before
{Heap before GC invocations=54 (full 0):
 garbage-first heap   total 235520K, used 198656K [0x0000000080000000, 0x0000000100000000)
  region size 1024K, 76 young (77824K), 3 survivors (3072K)
 Metaspace       used 102829K, committed 103680K, reserved 1179648K
  class space    used 13862K, committed 14272K, reserved 1048576K
}
Event: 73.639 GC heap after
{Heap after GC invocations=55 (full 0):
 garbage-first heap   total 235520K, used 132096K [0x0000000080000000, 0x0000000100000000)
  region size 1024K, 10 young (10240K), 10 survivors (10240K)
 Metaspace       used 102829K, committed 103680K, reserved 1179648K
  class space    used 13862K, committed 14272K, reserved 1048576K
}
Event: 73.689 GC heap before
{Heap before GC invocations=55 (full 0):
 garbage-first heap   total 235520K, used 133120K [0x0000000080000000, 0x0000000100000000)
  region size 1024K, 11 young (11264K), 10 survivors (10240K)
 Metaspace       used 102837K, committed 103744K, reserved 1179648K
  class space    used 13863K, committed 14272K, reserved 1048576K
}
Event: 73.722 GC heap after
{Heap after GC invocations=56 (full 0):
 garbage-first heap   total 235520K, used 132261K [0x0000000080000000, 0x0000000100000000)
  region size 1024K, 1 young (1024K), 1 survivors (1024K)
 Metaspace       used 102837K, committed 103744K, reserved 1179648K
  class space    used 13863K, committed 14272K, reserved 1048576K
}
Event: 107.837 GC heap before
{Heap before GC invocations=56 (full 0):
 garbage-first heap   total 235520K, used 197797K [0x0000000080000000, 0x0000000100000000)
  region size 1024K, 65 young (66560K), 1 survivors (1024K)
 Metaspace       used 110486K, committed 111488K, reserved 1179648K
  class space    used 14851K, committed 15360K, reserved 1048576K
}
Event: 108.336 GC heap after
{Heap after GC invocations=57 (full 0):
 garbage-first heap   total 235520K, used 137601K [0x0000000080000000, 0x0000000100000000)
  region size 1024K, 7 young (7168K), 7 survivors (7168K)
 Metaspace       used 110486K, committed 111488K, reserved 1179648K
  class space    used 14851K, committed 15360K, reserved 1048576K
}
Event: 114.760 GC heap before
{Heap before GC invocations=57 (full 0):
 garbage-first heap   total 235520K, used 146817K [0x0000000080000000, 0x0000000100000000)
  region size 1024K, 16 young (16384K), 7 survivors (7168K)
 Metaspace       used 110678K, committed 111680K, reserved 1179648K
  class space    used 14872K, committed 15360K, reserved 1048576K
}
Event: 114.826 GC heap after
{Heap after GC invocations=58 (full 0):
 garbage-first heap   total 235520K, used 139750K [0x0000000080000000, 0x0000000100000000)
  region size 1024K, 2 young (2048K), 2 survivors (2048K)
 Metaspace       used 110678K, committed 111680K, reserved 1179648K
  class space    used 14872K, committed 15360K, reserved 1048576K
}
Event: 121.083 GC heap before
{Heap before GC invocations=58 (full 0):
 garbage-first heap   total 235520K, used 181734K [0x0000000080000000, 0x0000000100000000)
  region size 1024K, 43 young (44032K), 2 survivors (2048K)
 Metaspace       used 112336K, committed 113344K, reserved 1179648K
  class space    used 15107K, committed 15616K, reserved 1048576K
}
Event: 121.125 GC heap after
{Heap after GC invocations=59 (full 0):
 garbage-first heap   total 235520K, used 144884K [0x0000000080000000, 0x0000000100000000)
  region size 1024K, 6 young (6144K), 6 survivors (6144K)
 Metaspace       used 112336K, committed 113344K, reserved 1179648K
  class space    used 15107K, committed 15616K, reserved 1048576K
}
Event: 124.495 GC heap before
{Heap before GC invocations=59 (full 0):
 garbage-first heap   total 235520K, used 173556K [0x0000000080000000, 0x0000000100000000)
  region size 1024K, 34 young (34816K), 6 survivors (6144K)
 Metaspace       used 114008K, committed 115008K, reserved 1179648K
  class space    used 15386K, committed 15872K, reserved 1048576K
}
Event: 124.616 GC heap after
{Heap after GC invocations=60 (full 0):
 garbage-first heap   total 235520K, used 148043K [0x0000000080000000, 0x0000000100000000)
  region size 1024K, 3 young (3072K), 3 survivors (3072K)
 Metaspace       used 114008K, committed 115008K, reserved 1179648K
  class space    used 15386K, committed 15872K, reserved 1048576K
}
Event: 129.284 GC heap before
{Heap before GC invocations=60 (full 0):
 garbage-first heap   total 235520K, used 194123K [0x0000000080000000, 0x0000000100000000)
  region size 1024K, 49 young (50176K), 3 survivors (3072K)
 Metaspace       used 115025K, committed 116160K, reserved 1179648K
  class space    used 15571K, committed 16128K, reserved 1048576K
}
Event: 129.319 GC heap after
{Heap after GC invocations=61 (full 0):
 garbage-first heap   total 235520K, used 151719K [0x0000000080000000, 0x0000000100000000)
  region size 1024K, 7 young (7168K), 7 survivors (7168K)
 Metaspace       used 115025K, committed 116160K, reserved 1179648K
  class space    used 15571K, committed 16128K, reserved 1048576K
}

